CRITICAL - 2023-11-29 08:22:23 --> count(): Argument #1 ($value) must be of type Countable|array, null given
in APPPATH\Views\EncuentraTuCuarto\admin\vistas\areas\ver.php on line 57.
 1 SYSTEMPATH\View\View.php(226): include()
 2 SYSTEMPATH\View\View.php(229): CodeIgniter\View\View->CodeIgniter\View\{closure}()
 3 SYSTEMPATH\Common.php(1188): CodeIgniter\View\View->render('EncuentraTuCuarto/admin/vistas/areas/ver', [], true)
 4 APPPATH\Controllers\admin\Areas.php(16): view('EncuentraTuCuarto/admin/vistas/areas/ver', [...])
 5 SYSTEMPATH\CodeIgniter.php(919): App\Controllers\admin\Areas->ver()
 6 SYSTEMPATH\CodeIgniter.php(494): CodeIgniter\CodeIgniter->runController(Object(App\Controllers\admin\Areas))
 7 SYSTEMPATH\CodeIgniter.php(353): CodeIgniter\CodeIgniter->handleRequest(null, Object(Config\Cache), false)
 8 FCPATH\index.php(79): CodeIgniter\CodeIgniter->run()
 9 SYSTEMPATH\Commands\Server\rewrite.php(47): require_once('C:\\xampp\\htdocs\\EncuentraTuCuarto.mx\\public\\index.php')
CRITICAL - 2023-11-29 08:39:34 --> Undefined variable $areas
in APPPATH\Views\EncuentraTuCuarto\admin\vistas\unidades\ver.php on line 38.
 1 APPPATH\Views\EncuentraTuCuarto\admin\vistas\unidades\ver.php(38): CodeIgniter\Debug\Exceptions->errorHandler(2, 'Undefined variable $areas', 'C:\\xampp\\htdocs\\EncuentraTuCuarto.mx\\app\\Views\\EncuentraTuCuarto\\admin\\vistas\\unidades\\ver.php', 38)
 2 SYSTEMPATH\View\View.php(226): include('C:\\xampp\\htdocs\\EncuentraTuCuarto.mx\\app\\Views\\EncuentraTuCuarto\\admin\\vistas\\unidades\\ver.php')
 3 SYSTEMPATH\View\View.php(229): CodeIgniter\View\View->CodeIgniter\View\{closure}()
 4 SYSTEMPATH\Common.php(1188): CodeIgniter\View\View->render('EncuentraTuCuarto/admin/vistas/unidades/ver', [], true)
 5 APPPATH\Controllers\admin\Unidades.php(17): view('EncuentraTuCuarto/admin/vistas/unidades/ver', [...])
 6 SYSTEMPATH\CodeIgniter.php(919): App\Controllers\admin\Unidades->ver()
 7 SYSTEMPATH\CodeIgniter.php(494): CodeIgniter\CodeIgniter->runController(Object(App\Controllers\admin\Unidades))
 8 SYSTEMPATH\CodeIgniter.php(353): CodeIgniter\CodeIgniter->handleRequest(null, Object(Config\Cache), false)
 9 FCPATH\index.php(79): CodeIgniter\CodeIgniter->run()
10 SYSTEMPATH\Commands\Server\rewrite.php(47): require_once('C:\\xampp\\htdocs\\EncuentraTuCuarto.mx\\public\\index.php')
CRITICAL - 2023-11-29 08:39:52 --> Undefined variable $area
in APPPATH\Views\EncuentraTuCuarto\admin\vistas\unidades\ver.php on line 44.
 1 APPPATH\Views\EncuentraTuCuarto\admin\vistas\unidades\ver.php(44): CodeIgniter\Debug\Exceptions->errorHandler(2, 'Undefined variable $area', 'C:\\xampp\\htdocs\\EncuentraTuCuarto.mx\\app\\Views\\EncuentraTuCuarto\\admin\\vistas\\unidades\\ver.php', 44)
 2 SYSTEMPATH\View\View.php(226): include('C:\\xampp\\htdocs\\EncuentraTuCuarto.mx\\app\\Views\\EncuentraTuCuarto\\admin\\vistas\\unidades\\ver.php')
 3 SYSTEMPATH\View\View.php(229): CodeIgniter\View\View->CodeIgniter\View\{closure}()
 4 SYSTEMPATH\Common.php(1188): CodeIgniter\View\View->render('EncuentraTuCuarto/admin/vistas/unidades/ver', [], true)
 5 APPPATH\Controllers\admin\Unidades.php(17): view('EncuentraTuCuarto/admin/vistas/unidades/ver', [...])
 6 SYSTEMPATH\CodeIgniter.php(919): App\Controllers\admin\Unidades->ver()
 7 SYSTEMPATH\CodeIgniter.php(494): CodeIgniter\CodeIgniter->runController(Object(App\Controllers\admin\Unidades))
 8 SYSTEMPATH\CodeIgniter.php(353): CodeIgniter\CodeIgniter->handleRequest(null, Object(Config\Cache), false)
 9 FCPATH\index.php(79): CodeIgniter\CodeIgniter->run()
10 SYSTEMPATH\Commands\Server\rewrite.php(47): require_once('C:\\xampp\\htdocs\\EncuentraTuCuarto.mx\\public\\index.php')
CRITICAL - 2023-11-29 09:46:52 --> Undefined property: stdClass::$id_unidad
in APPPATH\Views\EncuentraTuCuarto\admin\vistas\unidades\ver.php on line 68.
 1 APPPATH\Views\EncuentraTuCuarto\admin\vistas\unidades\ver.php(68): CodeIgniter\Debug\Exceptions->errorHandler(2, 'Undefined property: stdClass::$id_unidad', 'C:\\xampp\\htdocs\\EncuentraTuCuarto.mx\\app\\Views\\EncuentraTuCuarto\\admin\\vistas\\unidades\\ver.php', 68)
 2 SYSTEMPATH\View\View.php(226): include('C:\\xampp\\htdocs\\EncuentraTuCuarto.mx\\app\\Views\\EncuentraTuCuarto\\admin\\vistas\\unidades\\ver.php')
 3 SYSTEMPATH\View\View.php(229): CodeIgniter\View\View->CodeIgniter\View\{closure}()
 4 SYSTEMPATH\Common.php(1188): CodeIgniter\View\View->render('EncuentraTuCuarto/admin/vistas/unidades/ver', [], true)
 5 APPPATH\Controllers\admin\Unidades.php(17): view('EncuentraTuCuarto/admin/vistas/unidades/ver', [...])
 6 SYSTEMPATH\CodeIgniter.php(919): App\Controllers\admin\Unidades->ver()
 7 SYSTEMPATH\CodeIgniter.php(494): CodeIgniter\CodeIgniter->runController(Object(App\Controllers\admin\Unidades))
 8 SYSTEMPATH\CodeIgniter.php(353): CodeIgniter\CodeIgniter->handleRequest(null, Object(Config\Cache), false)
 9 FCPATH\index.php(79): CodeIgniter\CodeIgniter->run()
10 SYSTEMPATH\Commands\Server\rewrite.php(47): require_once('C:\\xampp\\htdocs\\EncuentraTuCuarto.mx\\public\\index.php')
ERROR - 2023-11-29 09:50:25 --> mysqli_sql_exception: Unknown column 'extra_service' in 'field list' in C:\xampp\htdocs\EncuentraTuCuarto.mx\system\Database\MySQLi\Connection.php:306
Stack trace:
#0 C:\xampp\htdocs\EncuentraTuCuarto.mx\system\Database\MySQLi\Connection.php(306): mysqli->query('UPDATE `units` ...', 0)
#1 C:\xampp\htdocs\EncuentraTuCuarto.mx\system\Database\BaseConnection.php(692): CodeIgniter\Database\MySQLi\Connection->execute('UPDATE `units` ...')
#2 C:\xampp\htdocs\EncuentraTuCuarto.mx\system\Database\BaseConnection.php(606): CodeIgniter\Database\BaseConnection->simpleQuery('UPDATE `units` ...')
#3 C:\xampp\htdocs\EncuentraTuCuarto.mx\system\Database\BaseBuilder.php(2475): CodeIgniter\Database\BaseConnection->query('UPDATE `units` ...', Array, false)
#4 C:\xampp\htdocs\EncuentraTuCuarto.mx\system\Model.php(385): CodeIgniter\Database\BaseBuilder->update()
#5 C:\xampp\htdocs\EncuentraTuCuarto.mx\system\BaseModel.php(949): CodeIgniter\Model->doUpdate(Array, Array)
#6 C:\xampp\htdocs\EncuentraTuCuarto.mx\system\Model.php(776): CodeIgniter\BaseModel->update(Array, Array)
#7 C:\xampp\htdocs\EncuentraTuCuarto.mx\app\Controllers\admin\Unidades.php(45): CodeIgniter\Model->update('1', Array)
#8 C:\xampp\htdocs\EncuentraTuCuarto.mx\system\CodeIgniter.php(919): App\Controllers\admin\Unidades->editar()
#9 C:\xampp\htdocs\EncuentraTuCuarto.mx\system\CodeIgniter.php(494): CodeIgniter\CodeIgniter->runController(Object(App\Controllers\admin\Unidades))
#10 C:\xampp\htdocs\EncuentraTuCuarto.mx\system\CodeIgniter.php(353): CodeIgniter\CodeIgniter->handleRequest(NULL, Object(Config\Cache), false)
#11 C:\xampp\htdocs\EncuentraTuCuarto.mx\public\index.php(79): CodeIgniter\CodeIgniter->run()
#12 C:\xampp\htdocs\EncuentraTuCuarto.mx\system\Commands\Server\rewrite.php(47): require_once('C:\\xampp\\htdocs...')
#13 {main}
CRITICAL - 2023-11-29 09:50:25 --> Unknown column 'extra_service' in 'field list'
in SYSTEMPATH\Database\BaseConnection.php on line 646.
 1 SYSTEMPATH\Database\BaseBuilder.php(2475): CodeIgniter\Database\BaseConnection->query('UPDATE `units` SET `street` = :street:, `neighborhood` = :neighborhood:, `extra_service` = :extra_service:, `apartment` = :apartment:, `floors` = :floors:, `locality` = :locality:
WHERE `units`.`id` IN :units.id:', [...], false)
 2 SYSTEMPATH\Model.php(385): CodeIgniter\Database\BaseBuilder->update()
 3 SYSTEMPATH\BaseModel.php(949): CodeIgniter\Model->doUpdate([...], [...])
 4 SYSTEMPATH\Model.php(776): CodeIgniter\BaseModel->update([...], [...])
 5 APPPATH\Controllers\admin\Unidades.php(45): CodeIgniter\Model->update('1', [...])
 6 SYSTEMPATH\CodeIgniter.php(919): App\Controllers\admin\Unidades->editar()
 7 SYSTEMPATH\CodeIgniter.php(494): CodeIgniter\CodeIgniter->runController(Object(App\Controllers\admin\Unidades))
 8 SYSTEMPATH\CodeIgniter.php(353): CodeIgniter\CodeIgniter->handleRequest(null, Object(Config\Cache), false)
 9 FCPATH\index.php(79): CodeIgniter\CodeIgniter->run()
10 SYSTEMPATH\Commands\Server\rewrite.php(47): require_once('C:\\xampp\\htdocs\\EncuentraTuCuarto.mx\\public\\index.php')
CRITICAL - 2023-11-29 10:08:29 --> Undefined variable $cliente
in APPPATH\Views\EncuentraTuCuarto\admin\vistas\unidades\ver.php on line 38.
 1 APPPATH\Views\EncuentraTuCuarto\admin\vistas\unidades\ver.php(38): CodeIgniter\Debug\Exceptions->errorHandler(2, 'Undefined variable $cliente', 'C:\\xampp\\htdocs\\EncuentraTuCuarto.mx\\app\\Views\\EncuentraTuCuarto\\admin\\vistas\\unidades\\ver.php', 38)
 2 SYSTEMPATH\View\View.php(226): include('C:\\xampp\\htdocs\\EncuentraTuCuarto.mx\\app\\Views\\EncuentraTuCuarto\\admin\\vistas\\unidades\\ver.php')
 3 SYSTEMPATH\View\View.php(229): CodeIgniter\View\View->CodeIgniter\View\{closure}()
 4 SYSTEMPATH\Common.php(1188): CodeIgniter\View\View->render('EncuentraTuCuarto/admin/vistas/unidades/ver', [], true)
 5 APPPATH\Controllers\admin\Unidades.php(17): view('EncuentraTuCuarto/admin/vistas/unidades/ver', [...])
 6 SYSTEMPATH\CodeIgniter.php(919): App\Controllers\admin\Unidades->ver()
 7 SYSTEMPATH\CodeIgniter.php(494): CodeIgniter\CodeIgniter->runController(Object(App\Controllers\admin\Unidades))
 8 SYSTEMPATH\CodeIgniter.php(353): CodeIgniter\CodeIgniter->handleRequest(null, Object(Config\Cache), false)
 9 FCPATH\index.php(79): CodeIgniter\CodeIgniter->run()
10 SYSTEMPATH\Commands\Server\rewrite.php(47): require_once('C:\\xampp\\htdocs\\EncuentraTuCuarto.mx\\public\\index.php')
CRITICAL - 2023-11-29 10:16:09 --> Undefined variable $buscador
in APPPATH\Views\EncuentraTuCuarto\admin\vistas\unidades\ver.php on line 33.
 1 APPPATH\Views\EncuentraTuCuarto\admin\vistas\unidades\ver.php(33): CodeIgniter\Debug\Exceptions->errorHandler(2, 'Undefined variable $buscador', 'C:\\xampp\\htdocs\\EncuentraTuCuarto.mx\\app\\Views\\EncuentraTuCuarto\\admin\\vistas\\unidades\\ver.php', 33)
 2 SYSTEMPATH\View\View.php(226): include('C:\\xampp\\htdocs\\EncuentraTuCuarto.mx\\app\\Views\\EncuentraTuCuarto\\admin\\vistas\\unidades\\ver.php')
 3 SYSTEMPATH\View\View.php(229): CodeIgniter\View\View->CodeIgniter\View\{closure}()
 4 SYSTEMPATH\Common.php(1188): CodeIgniter\View\View->render('EncuentraTuCuarto/admin/vistas/unidades/ver', [], true)
 5 APPPATH\Controllers\admin\Unidades.php(17): view('EncuentraTuCuarto/admin/vistas/unidades/ver', [...])
 6 SYSTEMPATH\CodeIgniter.php(919): App\Controllers\admin\Unidades->ver()
 7 SYSTEMPATH\CodeIgniter.php(494): CodeIgniter\CodeIgniter->runController(Object(App\Controllers\admin\Unidades))
 8 SYSTEMPATH\CodeIgniter.php(353): CodeIgniter\CodeIgniter->handleRequest(null, Object(Config\Cache), false)
 9 FCPATH\index.php(79): CodeIgniter\CodeIgniter->run()
10 SYSTEMPATH\Commands\Server\rewrite.php(47): require_once('C:\\xampp\\htdocs\\EncuentraTuCuarto.mx\\public\\index.php')
CRITICAL - 2023-11-29 10:16:17 --> Undefined variable $buscador
in APPPATH\Views\EncuentraTuCuarto\admin\vistas\unidades\ver.php on line 33.
 1 APPPATH\Views\EncuentraTuCuarto\admin\vistas\unidades\ver.php(33): CodeIgniter\Debug\Exceptions->errorHandler(2, 'Undefined variable $buscador', 'C:\\xampp\\htdocs\\EncuentraTuCuarto.mx\\app\\Views\\EncuentraTuCuarto\\admin\\vistas\\unidades\\ver.php', 33)
 2 SYSTEMPATH\View\View.php(226): include('C:\\xampp\\htdocs\\EncuentraTuCuarto.mx\\app\\Views\\EncuentraTuCuarto\\admin\\vistas\\unidades\\ver.php')
 3 SYSTEMPATH\View\View.php(229): CodeIgniter\View\View->CodeIgniter\View\{closure}()
 4 SYSTEMPATH\Common.php(1188): CodeIgniter\View\View->render('EncuentraTuCuarto/admin/vistas/unidades/ver', [], true)
 5 APPPATH\Controllers\admin\Unidades.php(17): view('EncuentraTuCuarto/admin/vistas/unidades/ver', [...])
 6 SYSTEMPATH\CodeIgniter.php(919): App\Controllers\admin\Unidades->ver()
 7 SYSTEMPATH\CodeIgniter.php(494): CodeIgniter\CodeIgniter->runController(Object(App\Controllers\admin\Unidades))
 8 SYSTEMPATH\CodeIgniter.php(353): CodeIgniter\CodeIgniter->handleRequest(null, Object(Config\Cache), false)
 9 FCPATH\index.php(79): CodeIgniter\CodeIgniter->run()
10 SYSTEMPATH\Commands\Server\rewrite.php(47): require_once('C:\\xampp\\htdocs\\EncuentraTuCuarto.mx\\public\\index.php')
CRITICAL - 2023-11-29 10:16:31 --> Undefined variable $buscador
in APPPATH\Views\EncuentraTuCuarto\admin\vistas\unidades\ver.php on line 33.
 1 APPPATH\Views\EncuentraTuCuarto\admin\vistas\unidades\ver.php(33): CodeIgniter\Debug\Exceptions->errorHandler(2, 'Undefined variable $buscador', 'C:\\xampp\\htdocs\\EncuentraTuCuarto.mx\\app\\Views\\EncuentraTuCuarto\\admin\\vistas\\unidades\\ver.php', 33)
 2 SYSTEMPATH\View\View.php(226): include('C:\\xampp\\htdocs\\EncuentraTuCuarto.mx\\app\\Views\\EncuentraTuCuarto\\admin\\vistas\\unidades\\ver.php')
 3 SYSTEMPATH\View\View.php(229): CodeIgniter\View\View->CodeIgniter\View\{closure}()
 4 SYSTEMPATH\Common.php(1188): CodeIgniter\View\View->render('EncuentraTuCuarto/admin/vistas/unidades/ver', [], true)
 5 APPPATH\Controllers\admin\Unidades.php(17): view('EncuentraTuCuarto/admin/vistas/unidades/ver', [...])
 6 SYSTEMPATH\CodeIgniter.php(919): App\Controllers\admin\Unidades->ver()
 7 SYSTEMPATH\CodeIgniter.php(494): CodeIgniter\CodeIgniter->runController(Object(App\Controllers\admin\Unidades))
 8 SYSTEMPATH\CodeIgniter.php(353): CodeIgniter\CodeIgniter->handleRequest(null, Object(Config\Cache), false)
 9 FCPATH\index.php(79): CodeIgniter\CodeIgniter->run()
10 SYSTEMPATH\Commands\Server\rewrite.php(47): require_once('C:\\xampp\\htdocs\\EncuentraTuCuarto.mx\\public\\index.php')
CRITICAL - 2023-11-29 10:17:25 --> Undefined variable $buscador
in APPPATH\Views\EncuentraTuCuarto\admin\vistas\unidades\ver.php on line 33.
 1 APPPATH\Views\EncuentraTuCuarto\admin\vistas\unidades\ver.php(33): CodeIgniter\Debug\Exceptions->errorHandler(2, 'Undefined variable $buscador', 'C:\\xampp\\htdocs\\EncuentraTuCuarto.mx\\app\\Views\\EncuentraTuCuarto\\admin\\vistas\\unidades\\ver.php', 33)
 2 SYSTEMPATH\View\View.php(226): include('C:\\xampp\\htdocs\\EncuentraTuCuarto.mx\\app\\Views\\EncuentraTuCuarto\\admin\\vistas\\unidades\\ver.php')
 3 SYSTEMPATH\View\View.php(229): CodeIgniter\View\View->CodeIgniter\View\{closure}()
 4 SYSTEMPATH\Common.php(1188): CodeIgniter\View\View->render('EncuentraTuCuarto/admin/vistas/unidades/ver', [], true)
 5 APPPATH\Controllers\admin\Unidades.php(17): view('EncuentraTuCuarto/admin/vistas/unidades/ver', [...])
 6 SYSTEMPATH\CodeIgniter.php(919): App\Controllers\admin\Unidades->ver()
 7 SYSTEMPATH\CodeIgniter.php(494): CodeIgniter\CodeIgniter->runController(Object(App\Controllers\admin\Unidades))
 8 SYSTEMPATH\CodeIgniter.php(353): CodeIgniter\CodeIgniter->handleRequest(null, Object(Config\Cache), false)
 9 FCPATH\index.php(79): CodeIgniter\CodeIgniter->run()
10 SYSTEMPATH\Commands\Server\rewrite.php(47): require_once('C:\\xampp\\htdocs\\EncuentraTuCuarto.mx\\public\\index.php')
CRITICAL - 2023-11-29 10:17:26 --> Undefined variable $buscador
in APPPATH\Views\EncuentraTuCuarto\admin\vistas\unidades\ver.php on line 33.
 1 APPPATH\Views\EncuentraTuCuarto\admin\vistas\unidades\ver.php(33): CodeIgniter\Debug\Exceptions->errorHandler(2, 'Undefined variable $buscador', 'C:\\xampp\\htdocs\\EncuentraTuCuarto.mx\\app\\Views\\EncuentraTuCuarto\\admin\\vistas\\unidades\\ver.php', 33)
 2 SYSTEMPATH\View\View.php(226): include('C:\\xampp\\htdocs\\EncuentraTuCuarto.mx\\app\\Views\\EncuentraTuCuarto\\admin\\vistas\\unidades\\ver.php')
 3 SYSTEMPATH\View\View.php(229): CodeIgniter\View\View->CodeIgniter\View\{closure}()
 4 SYSTEMPATH\Common.php(1188): CodeIgniter\View\View->render('EncuentraTuCuarto/admin/vistas/unidades/ver', [], true)
 5 APPPATH\Controllers\admin\Unidades.php(17): view('EncuentraTuCuarto/admin/vistas/unidades/ver', [...])
 6 SYSTEMPATH\CodeIgniter.php(919): App\Controllers\admin\Unidades->ver()
 7 SYSTEMPATH\CodeIgniter.php(494): CodeIgniter\CodeIgniter->runController(Object(App\Controllers\admin\Unidades))
 8 SYSTEMPATH\CodeIgniter.php(353): CodeIgniter\CodeIgniter->handleRequest(null, Object(Config\Cache), false)
 9 FCPATH\index.php(79): CodeIgniter\CodeIgniter->run()
10 SYSTEMPATH\Commands\Server\rewrite.php(47): require_once('C:\\xampp\\htdocs\\EncuentraTuCuarto.mx\\public\\index.php')
CRITICAL - 2023-11-29 10:17:27 --> Undefined variable $buscador
in APPPATH\Views\EncuentraTuCuarto\admin\vistas\unidades\ver.php on line 33.
 1 APPPATH\Views\EncuentraTuCuarto\admin\vistas\unidades\ver.php(33): CodeIgniter\Debug\Exceptions->errorHandler(2, 'Undefined variable $buscador', 'C:\\xampp\\htdocs\\EncuentraTuCuarto.mx\\app\\Views\\EncuentraTuCuarto\\admin\\vistas\\unidades\\ver.php', 33)
 2 SYSTEMPATH\View\View.php(226): include('C:\\xampp\\htdocs\\EncuentraTuCuarto.mx\\app\\Views\\EncuentraTuCuarto\\admin\\vistas\\unidades\\ver.php')
 3 SYSTEMPATH\View\View.php(229): CodeIgniter\View\View->CodeIgniter\View\{closure}()
 4 SYSTEMPATH\Common.php(1188): CodeIgniter\View\View->render('EncuentraTuCuarto/admin/vistas/unidades/ver', [], true)
 5 APPPATH\Controllers\admin\Unidades.php(17): view('EncuentraTuCuarto/admin/vistas/unidades/ver', [...])
 6 SYSTEMPATH\CodeIgniter.php(919): App\Controllers\admin\Unidades->ver()
 7 SYSTEMPATH\CodeIgniter.php(494): CodeIgniter\CodeIgniter->runController(Object(App\Controllers\admin\Unidades))
 8 SYSTEMPATH\CodeIgniter.php(353): CodeIgniter\CodeIgniter->handleRequest(null, Object(Config\Cache), false)
 9 FCPATH\index.php(79): CodeIgniter\CodeIgniter->run()
10 SYSTEMPATH\Commands\Server\rewrite.php(47): require_once('C:\\xampp\\htdocs\\EncuentraTuCuarto.mx\\public\\index.php')
CRITICAL - 2023-11-29 10:17:27 --> Undefined variable $buscador
in APPPATH\Views\EncuentraTuCuarto\admin\vistas\unidades\ver.php on line 33.
 1 APPPATH\Views\EncuentraTuCuarto\admin\vistas\unidades\ver.php(33): CodeIgniter\Debug\Exceptions->errorHandler(2, 'Undefined variable $buscador', 'C:\\xampp\\htdocs\\EncuentraTuCuarto.mx\\app\\Views\\EncuentraTuCuarto\\admin\\vistas\\unidades\\ver.php', 33)
 2 SYSTEMPATH\View\View.php(226): include('C:\\xampp\\htdocs\\EncuentraTuCuarto.mx\\app\\Views\\EncuentraTuCuarto\\admin\\vistas\\unidades\\ver.php')
 3 SYSTEMPATH\View\View.php(229): CodeIgniter\View\View->CodeIgniter\View\{closure}()
 4 SYSTEMPATH\Common.php(1188): CodeIgniter\View\View->render('EncuentraTuCuarto/admin/vistas/unidades/ver', [], true)
 5 APPPATH\Controllers\admin\Unidades.php(17): view('EncuentraTuCuarto/admin/vistas/unidades/ver', [...])
 6 SYSTEMPATH\CodeIgniter.php(919): App\Controllers\admin\Unidades->ver()
 7 SYSTEMPATH\CodeIgniter.php(494): CodeIgniter\CodeIgniter->runController(Object(App\Controllers\admin\Unidades))
 8 SYSTEMPATH\CodeIgniter.php(353): CodeIgniter\CodeIgniter->handleRequest(null, Object(Config\Cache), false)
 9 FCPATH\index.php(79): CodeIgniter\CodeIgniter->run()
10 SYSTEMPATH\Commands\Server\rewrite.php(47): require_once('C:\\xampp\\htdocs\\EncuentraTuCuarto.mx\\public\\index.php')
CRITICAL - 2023-11-29 10:17:27 --> Undefined variable $buscador
in APPPATH\Views\EncuentraTuCuarto\admin\vistas\unidades\ver.php on line 33.
 1 APPPATH\Views\EncuentraTuCuarto\admin\vistas\unidades\ver.php(33): CodeIgniter\Debug\Exceptions->errorHandler(2, 'Undefined variable $buscador', 'C:\\xampp\\htdocs\\EncuentraTuCuarto.mx\\app\\Views\\EncuentraTuCuarto\\admin\\vistas\\unidades\\ver.php', 33)
 2 SYSTEMPATH\View\View.php(226): include('C:\\xampp\\htdocs\\EncuentraTuCuarto.mx\\app\\Views\\EncuentraTuCuarto\\admin\\vistas\\unidades\\ver.php')
 3 SYSTEMPATH\View\View.php(229): CodeIgniter\View\View->CodeIgniter\View\{closure}()
 4 SYSTEMPATH\Common.php(1188): CodeIgniter\View\View->render('EncuentraTuCuarto/admin/vistas/unidades/ver', [], true)
 5 APPPATH\Controllers\admin\Unidades.php(17): view('EncuentraTuCuarto/admin/vistas/unidades/ver', [...])
 6 SYSTEMPATH\CodeIgniter.php(919): App\Controllers\admin\Unidades->ver()
 7 SYSTEMPATH\CodeIgniter.php(494): CodeIgniter\CodeIgniter->runController(Object(App\Controllers\admin\Unidades))
 8 SYSTEMPATH\CodeIgniter.php(353): CodeIgniter\CodeIgniter->handleRequest(null, Object(Config\Cache), false)
 9 FCPATH\index.php(79): CodeIgniter\CodeIgniter->run()
10 SYSTEMPATH\Commands\Server\rewrite.php(47): require_once('C:\\xampp\\htdocs\\EncuentraTuCuarto.mx\\public\\index.php')
CRITICAL - 2023-11-29 10:18:42 --> Undefined variable $buscador
in APPPATH\Views\EncuentraTuCuarto\admin\vistas\unidades\ver.php on line 33.
 1 APPPATH\Views\EncuentraTuCuarto\admin\vistas\unidades\ver.php(33): CodeIgniter\Debug\Exceptions->errorHandler(2, 'Undefined variable $buscador', 'C:\\xampp\\htdocs\\EncuentraTuCuarto.mx\\app\\Views\\EncuentraTuCuarto\\admin\\vistas\\unidades\\ver.php', 33)
 2 SYSTEMPATH\View\View.php(226): include('C:\\xampp\\htdocs\\EncuentraTuCuarto.mx\\app\\Views\\EncuentraTuCuarto\\admin\\vistas\\unidades\\ver.php')
 3 SYSTEMPATH\View\View.php(229): CodeIgniter\View\View->CodeIgniter\View\{closure}()
 4 SYSTEMPATH\Common.php(1188): CodeIgniter\View\View->render('EncuentraTuCuarto/admin/vistas/unidades/ver', [], true)
 5 APPPATH\Controllers\admin\Unidades.php(17): view('EncuentraTuCuarto/admin/vistas/unidades/ver', [...])
 6 SYSTEMPATH\CodeIgniter.php(919): App\Controllers\admin\Unidades->ver()
 7 SYSTEMPATH\CodeIgniter.php(494): CodeIgniter\CodeIgniter->runController(Object(App\Controllers\admin\Unidades))
 8 SYSTEMPATH\CodeIgniter.php(353): CodeIgniter\CodeIgniter->handleRequest(null, Object(Config\Cache), false)
 9 FCPATH\index.php(79): CodeIgniter\CodeIgniter->run()
10 SYSTEMPATH\Commands\Server\rewrite.php(47): require_once('C:\\xampp\\htdocs\\EncuentraTuCuarto.mx\\public\\index.php')
CRITICAL - 2023-11-29 10:18:43 --> Undefined variable $buscador
in APPPATH\Views\EncuentraTuCuarto\admin\vistas\unidades\ver.php on line 33.
 1 APPPATH\Views\EncuentraTuCuarto\admin\vistas\unidades\ver.php(33): CodeIgniter\Debug\Exceptions->errorHandler(2, 'Undefined variable $buscador', 'C:\\xampp\\htdocs\\EncuentraTuCuarto.mx\\app\\Views\\EncuentraTuCuarto\\admin\\vistas\\unidades\\ver.php', 33)
 2 SYSTEMPATH\View\View.php(226): include('C:\\xampp\\htdocs\\EncuentraTuCuarto.mx\\app\\Views\\EncuentraTuCuarto\\admin\\vistas\\unidades\\ver.php')
 3 SYSTEMPATH\View\View.php(229): CodeIgniter\View\View->CodeIgniter\View\{closure}()
 4 SYSTEMPATH\Common.php(1188): CodeIgniter\View\View->render('EncuentraTuCuarto/admin/vistas/unidades/ver', [], true)
 5 APPPATH\Controllers\admin\Unidades.php(17): view('EncuentraTuCuarto/admin/vistas/unidades/ver', [...])
 6 SYSTEMPATH\CodeIgniter.php(919): App\Controllers\admin\Unidades->ver()
 7 SYSTEMPATH\CodeIgniter.php(494): CodeIgniter\CodeIgniter->runController(Object(App\Controllers\admin\Unidades))
 8 SYSTEMPATH\CodeIgniter.php(353): CodeIgniter\CodeIgniter->handleRequest(null, Object(Config\Cache), false)
 9 FCPATH\index.php(79): CodeIgniter\CodeIgniter->run()
10 SYSTEMPATH\Commands\Server\rewrite.php(47): require_once('C:\\xampp\\htdocs\\EncuentraTuCuarto.mx\\public\\index.php')
CRITICAL - 2023-11-29 10:23:53 --> Undefined variable $unidad
in APPPATH\Views\EncuentraTuCuarto\admin\vistas\unidades\ver.php on line 14.
 1 APPPATH\Views\EncuentraTuCuarto\admin\vistas\unidades\ver.php(14): CodeIgniter\Debug\Exceptions->errorHandler(2, 'Undefined variable $unidad', 'C:\\xampp\\htdocs\\EncuentraTuCuarto.mx\\app\\Views\\EncuentraTuCuarto\\admin\\vistas\\unidades\\ver.php', 14)
 2 SYSTEMPATH\View\View.php(226): include('C:\\xampp\\htdocs\\EncuentraTuCuarto.mx\\app\\Views\\EncuentraTuCuarto\\admin\\vistas\\unidades\\ver.php')
 3 SYSTEMPATH\View\View.php(229): CodeIgniter\View\View->CodeIgniter\View\{closure}()
 4 SYSTEMPATH\Common.php(1188): CodeIgniter\View\View->render('EncuentraTuCuarto/admin/vistas/unidades/ver', [], true)
 5 APPPATH\Controllers\admin\Unidades.php(17): view('EncuentraTuCuarto/admin/vistas/unidades/ver', [...])
 6 SYSTEMPATH\CodeIgniter.php(919): App\Controllers\admin\Unidades->ver()
 7 SYSTEMPATH\CodeIgniter.php(494): CodeIgniter\CodeIgniter->runController(Object(App\Controllers\admin\Unidades))
 8 SYSTEMPATH\CodeIgniter.php(353): CodeIgniter\CodeIgniter->handleRequest(null, Object(Config\Cache), false)
 9 FCPATH\index.php(79): CodeIgniter\CodeIgniter->run()
10 SYSTEMPATH\Commands\Server\rewrite.php(47): require_once('C:\\xampp\\htdocs\\EncuentraTuCuarto.mx\\public\\index.php')
CRITICAL - 2023-11-29 10:36:02 --> Invalid file: "UnLugarDeMimos/admin/common/headadmin.php"
in SYSTEMPATH\Exceptions\FrameworkException.php on line 39.
 1 SYSTEMPATH\View\View.php(214): CodeIgniter\Exceptions\FrameworkException::forInvalidFile('UnLugarDeMimos/admin/common/headadmin.php')
 2 SYSTEMPATH\Common.php(1188): CodeIgniter\View\View->render('UnLugarDeMimos/admin/common/headadmin', [], true)
 3 APPPATH\Controllers\admin\Areas.php(39): view('UnLugarDeMimos/admin/common/headadmin', [...])
 4 SYSTEMPATH\CodeIgniter.php(919): App\Controllers\admin\Areas->agregar()
 5 SYSTEMPATH\CodeIgniter.php(494): CodeIgniter\CodeIgniter->runController(Object(App\Controllers\admin\Areas))
 6 SYSTEMPATH\CodeIgniter.php(353): CodeIgniter\CodeIgniter->handleRequest(null, Object(Config\Cache), false)
 7 FCPATH\index.php(79): CodeIgniter\CodeIgniter->run()
 8 SYSTEMPATH\Commands\Server\rewrite.php(47): require_once('C:\\xampp\\htdocs\\EncuentraTuCuarto.mx\\public\\index.php')
CRITICAL - 2023-11-29 10:38:13 --> Undefined variable $unidades
in APPPATH\Views\EncuentraTuCuarto\admin\vistas\unidades\ver.php on line 53.
 1 APPPATH\Views\EncuentraTuCuarto\admin\vistas\unidades\ver.php(53): CodeIgniter\Debug\Exceptions->errorHandler(2, 'Undefined variable $unidades', 'C:\\xampp\\htdocs\\EncuentraTuCuarto.mx\\app\\Views\\EncuentraTuCuarto\\admin\\vistas\\unidades\\ver.php', 53)
 2 SYSTEMPATH\View\View.php(226): include('C:\\xampp\\htdocs\\EncuentraTuCuarto.mx\\app\\Views\\EncuentraTuCuarto\\admin\\vistas\\unidades\\ver.php')
 3 SYSTEMPATH\View\View.php(229): CodeIgniter\View\View->CodeIgniter\View\{closure}()
 4 SYSTEMPATH\Common.php(1188): CodeIgniter\View\View->render('EncuentraTuCuarto/admin/vistas/unidades/ver', [], true)
 5 APPPATH\Controllers\admin\Unidades.php(44): view('EncuentraTuCuarto/admin/vistas/unidades/ver', [...])
 6 SYSTEMPATH\CodeIgniter.php(919): App\Controllers\admin\Unidades->agregar()
 7 SYSTEMPATH\CodeIgniter.php(494): CodeIgniter\CodeIgniter->runController(Object(App\Controllers\admin\Unidades))
 8 SYSTEMPATH\CodeIgniter.php(353): CodeIgniter\CodeIgniter->handleRequest(null, Object(Config\Cache), false)
 9 FCPATH\index.php(79): CodeIgniter\CodeIgniter->run()
10 SYSTEMPATH\Commands\Server\rewrite.php(47): require_once('C:\\xampp\\htdocs\\EncuentraTuCuarto.mx\\public\\index.php')
CRITICAL - 2023-11-29 23:42:32 --> Undefined variable $departamentos
in APPPATH\Views\EncuentraTuCuarto\admin\vistas\departamentos\ver.php on line 15.
 1 APPPATH\Views\EncuentraTuCuarto\admin\vistas\departamentos\ver.php(15): CodeIgniter\Debug\Exceptions->errorHandler(2, 'Undefined variable $departamentos', 'C:\\xampp\\htdocs\\EncuentraTuCuarto.mx\\app\\Views\\EncuentraTuCuarto\\admin\\vistas\\departamentos\\ver.php', 15)
 2 SYSTEMPATH\View\View.php(226): include('C:\\xampp\\htdocs\\EncuentraTuCuarto.mx\\app\\Views\\EncuentraTuCuarto\\admin\\vistas\\departamentos\\ver.php')
 3 SYSTEMPATH\View\View.php(229): CodeIgniter\View\View->CodeIgniter\View\{closure}()
 4 SYSTEMPATH\Common.php(1188): CodeIgniter\View\View->render('EncuentraTuCuarto/admin/vistas/departamentos/ver', [], true)
 5 APPPATH\Controllers\admin\Departamentos.php(16): view('EncuentraTuCuarto/admin/vistas/departamentos/ver', [...])
 6 SYSTEMPATH\CodeIgniter.php(919): App\Controllers\admin\Departamentos->ver()
 7 SYSTEMPATH\CodeIgniter.php(494): CodeIgniter\CodeIgniter->runController(Object(App\Controllers\admin\Departamentos))
 8 SYSTEMPATH\CodeIgniter.php(353): CodeIgniter\CodeIgniter->handleRequest(null, Object(Config\Cache), false)
 9 FCPATH\index.php(79): CodeIgniter\CodeIgniter->run()
10 SYSTEMPATH\Commands\Server\rewrite.php(47): require_once('C:\\xampp\\htdocs\\EncuentraTuCuarto.mx\\public\\index.php')
CRITICAL - 2023-11-29 23:44:11 --> Undefined variable $unidad
in APPPATH\Views\EncuentraTuCuarto\admin\vistas\departamentos\ver.php on line 23.
 1 APPPATH\Views\EncuentraTuCuarto\admin\vistas\departamentos\ver.php(23): CodeIgniter\Debug\Exceptions->errorHandler(2, 'Undefined variable $unidad', 'C:\\xampp\\htdocs\\EncuentraTuCuarto.mx\\app\\Views\\EncuentraTuCuarto\\admin\\vistas\\departamentos\\ver.php', 23)
 2 SYSTEMPATH\View\View.php(226): include('C:\\xampp\\htdocs\\EncuentraTuCuarto.mx\\app\\Views\\EncuentraTuCuarto\\admin\\vistas\\departamentos\\ver.php')
 3 SYSTEMPATH\View\View.php(229): CodeIgniter\View\View->CodeIgniter\View\{closure}()
 4 SYSTEMPATH\Common.php(1188): CodeIgniter\View\View->render('EncuentraTuCuarto/admin/vistas/departamentos/ver', [], true)
 5 APPPATH\Controllers\admin\Departamentos.php(16): view('EncuentraTuCuarto/admin/vistas/departamentos/ver', [...])
 6 SYSTEMPATH\CodeIgniter.php(919): App\Controllers\admin\Departamentos->ver()
 7 SYSTEMPATH\CodeIgniter.php(494): CodeIgniter\CodeIgniter->runController(Object(App\Controllers\admin\Departamentos))
 8 SYSTEMPATH\CodeIgniter.php(353): CodeIgniter\CodeIgniter->handleRequest(null, Object(Config\Cache), false)
 9 FCPATH\index.php(79): CodeIgniter\CodeIgniter->run()
10 SYSTEMPATH\Commands\Server\rewrite.php(47): require_once('C:\\xampp\\htdocs\\EncuentraTuCuarto.mx\\public\\index.php')
