CRITICAL - 2023-11-30 00:02:45 --> Undefined variable $cliente
in APPPATH\Views\EncuentraTuCuarto\admin\vistas\departamentos\ver.php on line 23.
 1 APPPATH\Views\EncuentraTuCuarto\admin\vistas\departamentos\ver.php(23): CodeIgniter\Debug\Exceptions->errorHandler(2, 'Undefined variable $cliente', 'C:\\xampp\\htdocs\\EncuentraTuCuarto.mx\\app\\Views\\EncuentraTuCuarto\\admin\\vistas\\departamentos\\ver.php', 23)
 2 SYSTEMPATH\View\View.php(226): include('C:\\xampp\\htdocs\\EncuentraTuCuarto.mx\\app\\Views\\EncuentraTuCuarto\\admin\\vistas\\departamentos\\ver.php')
 3 SYSTEMPATH\View\View.php(229): CodeIgniter\View\View->CodeIgniter\View\{closure}()
 4 SYSTEMPATH\Common.php(1188): CodeIgniter\View\View->render('EncuentraTuCuarto/admin/vistas/departamentos/ver', [], true)
 5 APPPATH\Controllers\admin\Departamentos.php(16): view('EncuentraTuCuarto/admin/vistas/departamentos/ver', [...])
 6 SYSTEMPATH\CodeIgniter.php(919): App\Controllers\admin\Departamentos->ver()
 7 SYSTEMPATH\CodeIgniter.php(494): CodeIgniter\CodeIgniter->runController(Object(App\Controllers\admin\Departamentos))
 8 SYSTEMPATH\CodeIgniter.php(353): CodeIgniter\CodeIgniter->handleRequest(null, Object(Config\Cache), false)
 9 FCPATH\index.php(79): CodeIgniter\CodeIgniter->run()
10 SYSTEMPATH\Commands\Server\rewrite.php(47): require_once('C:\\xampp\\htdocs\\EncuentraTuCuarto.mx\\public\\index.php')
CRITICAL - 2023-11-30 03:20:47 --> Updates are not allowed unless they contain a "where" or "like" clause.
in SYSTEMPATH\Model.php on line 380.
 1 SYSTEMPATH\BaseModel.php(949): CodeIgniter\Model->doUpdate(null, [...])
 2 SYSTEMPATH\Model.php(776): CodeIgniter\BaseModel->update(null, [...])
 3 APPPATH\Controllers\admin\Usuarios.php(164): CodeIgniter\Model->update(null, [...])
 4 SYSTEMPATH\CodeIgniter.php(919): App\Controllers\admin\Usuarios->actualizar()
 5 SYSTEMPATH\CodeIgniter.php(494): CodeIgniter\CodeIgniter->runController(Object(App\Controllers\admin\Usuarios))
 6 SYSTEMPATH\CodeIgniter.php(353): CodeIgniter\CodeIgniter->handleRequest(null, Object(Config\Cache), false)
 7 FCPATH\index.php(79): CodeIgniter\CodeIgniter->run()
 8 SYSTEMPATH\Commands\Server\rewrite.php(47): require_once('C:\\xampp\\htdocs\\EncuentraTuCuarto.mx\\public\\index.php')
CRITICAL - 2023-11-30 03:23:34 --> Updates are not allowed unless they contain a "where" or "like" clause.
in SYSTEMPATH\Model.php on line 380.
 1 SYSTEMPATH\BaseModel.php(949): CodeIgniter\Model->doUpdate(null, [...])
 2 SYSTEMPATH\Model.php(776): CodeIgniter\BaseModel->update(null, [...])
 3 APPPATH\Controllers\admin\Usuarios.php(164): CodeIgniter\Model->update(null, [...])
 4 SYSTEMPATH\CodeIgniter.php(919): App\Controllers\admin\Usuarios->actualizar()
 5 SYSTEMPATH\CodeIgniter.php(494): CodeIgniter\CodeIgniter->runController(Object(App\Controllers\admin\Usuarios))
 6 SYSTEMPATH\CodeIgniter.php(353): CodeIgniter\CodeIgniter->handleRequest(null, Object(Config\Cache), false)
 7 FCPATH\index.php(79): CodeIgniter\CodeIgniter->run()
 8 SYSTEMPATH\Commands\Server\rewrite.php(47): require_once('C:\\xampp\\htdocs\\EncuentraTuCuarto.mx\\public\\index.php')
CRITICAL - 2023-11-30 03:25:28 --> Updates are not allowed unless they contain a "where" or "like" clause.
in SYSTEMPATH\Model.php on line 380.
 1 SYSTEMPATH\BaseModel.php(949): CodeIgniter\Model->doUpdate(null, [...])
 2 SYSTEMPATH\Model.php(776): CodeIgniter\BaseModel->update(null, [...])
 3 APPPATH\Controllers\admin\Usuarios.php(164): CodeIgniter\Model->update(null, [...])
 4 SYSTEMPATH\CodeIgniter.php(919): App\Controllers\admin\Usuarios->actualizar()
 5 SYSTEMPATH\CodeIgniter.php(494): CodeIgniter\CodeIgniter->runController(Object(App\Controllers\admin\Usuarios))
 6 SYSTEMPATH\CodeIgniter.php(353): CodeIgniter\CodeIgniter->handleRequest(null, Object(Config\Cache), false)
 7 FCPATH\index.php(79): CodeIgniter\CodeIgniter->run()
 8 SYSTEMPATH\Commands\Server\rewrite.php(47): require_once('C:\\xampp\\htdocs\\EncuentraTuCuarto.mx\\public\\index.php')
CRITICAL - 2023-11-30 03:28:05 --> Undefined array key "id"
in APPPATH\Controllers\admin\Usuarios.php on line 163.
 1 APPPATH\Controllers\admin\Usuarios.php(163): CodeIgniter\Debug\Exceptions->errorHandler(2, 'Undefined array key "id"', 'C:\\xampp\\htdocs\\EncuentraTuCuarto.mx\\app\\Controllers\\admin\\Usuarios.php', 163)
 2 SYSTEMPATH\CodeIgniter.php(919): App\Controllers\admin\Usuarios->actualizar()
 3 SYSTEMPATH\CodeIgniter.php(494): CodeIgniter\CodeIgniter->runController(Object(App\Controllers\admin\Usuarios))
 4 SYSTEMPATH\CodeIgniter.php(353): CodeIgniter\CodeIgniter->handleRequest(null, Object(Config\Cache), false)
 5 FCPATH\index.php(79): CodeIgniter\CodeIgniter->run()
 6 SYSTEMPATH\Commands\Server\rewrite.php(47): require_once('C:\\xampp\\htdocs\\EncuentraTuCuarto.mx\\public\\index.php')
CRITICAL - 2023-11-30 03:29:27 --> Undefined array key "id"
in APPPATH\Controllers\admin\Usuarios.php on line 163.
 1 APPPATH\Controllers\admin\Usuarios.php(163): CodeIgniter\Debug\Exceptions->errorHandler(2, 'Undefined array key "id"', 'C:\\xampp\\htdocs\\EncuentraTuCuarto.mx\\app\\Controllers\\admin\\Usuarios.php', 163)
 2 SYSTEMPATH\CodeIgniter.php(919): App\Controllers\admin\Usuarios->actualizar()
 3 SYSTEMPATH\CodeIgniter.php(494): CodeIgniter\CodeIgniter->runController(Object(App\Controllers\admin\Usuarios))
 4 SYSTEMPATH\CodeIgniter.php(353): CodeIgniter\CodeIgniter->handleRequest(null, Object(Config\Cache), false)
 5 FCPATH\index.php(79): CodeIgniter\CodeIgniter->run()
 6 SYSTEMPATH\Commands\Server\rewrite.php(47): require_once('C:\\xampp\\htdocs\\EncuentraTuCuarto.mx\\public\\index.php')
CRITICAL - 2023-11-30 03:57:08 --> "max_lenght" is not a valid rule.
in SYSTEMPATH\Validation\Validation.php on line 317.
 1 SYSTEMPATH\Validation\Validation.php(317): CodeIgniter\Validation\Exceptions\ValidationException::forRuleNotFound('max_lenght')
 2 SYSTEMPATH\Validation\Validation.php(195): CodeIgniter\Validation\Validation->processRules('bio', 'bio', '123412341324', [...], [...])
 3 SYSTEMPATH\Controller.php(150): CodeIgniter\Validation\Validation->run()
 4 APPPATH\Controllers\admin\Usuarios.php(58): CodeIgniter\Controller->validate([...])
 5 SYSTEMPATH\CodeIgniter.php(919): App\Controllers\admin\Usuarios->agregar()
 6 SYSTEMPATH\CodeIgniter.php(494): CodeIgniter\CodeIgniter->runController(Object(App\Controllers\admin\Usuarios))
 7 SYSTEMPATH\CodeIgniter.php(353): CodeIgniter\CodeIgniter->handleRequest(null, Object(Config\Cache), false)
 8 FCPATH\index.php(79): CodeIgniter\CodeIgniter->run()
 9 SYSTEMPATH\Commands\Server\rewrite.php(47): require_once('C:\\xampp\\htdocs\\EncuentraTuCuarto.mx\\public\\index.php')
CRITICAL - 2023-11-30 03:58:07 --> "max_lenght" is not a valid rule.
in SYSTEMPATH\Validation\Validation.php on line 317.
 1 SYSTEMPATH\Validation\Validation.php(317): CodeIgniter\Validation\Exceptions\ValidationException::forRuleNotFound('max_lenght')
 2 SYSTEMPATH\Validation\Validation.php(195): CodeIgniter\Validation\Validation->processRules('bio', 'bio', '123412341324', [...], [...])
 3 SYSTEMPATH\Controller.php(150): CodeIgniter\Validation\Validation->run()
 4 APPPATH\Controllers\admin\Usuarios.php(58): CodeIgniter\Controller->validate([...])
 5 SYSTEMPATH\CodeIgniter.php(919): App\Controllers\admin\Usuarios->agregar()
 6 SYSTEMPATH\CodeIgniter.php(494): CodeIgniter\CodeIgniter->runController(Object(App\Controllers\admin\Usuarios))
 7 SYSTEMPATH\CodeIgniter.php(353): CodeIgniter\CodeIgniter->handleRequest(null, Object(Config\Cache), false)
 8 FCPATH\index.php(79): CodeIgniter\CodeIgniter->run()
 9 SYSTEMPATH\Commands\Server\rewrite.php(47): require_once('C:\\xampp\\htdocs\\EncuentraTuCuarto.mx\\public\\index.php')
CRITICAL - 2023-11-30 03:58:44 --> "maxlength" is not a valid rule.
in SYSTEMPATH\Validation\Validation.php on line 317.
 1 SYSTEMPATH\Validation\Validation.php(317): CodeIgniter\Validation\Exceptions\ValidationException::forRuleNotFound('maxlength')
 2 SYSTEMPATH\Validation\Validation.php(195): CodeIgniter\Validation\Validation->processRules('name', 'name', 'Roldan', [...], [...])
 3 SYSTEMPATH\Controller.php(150): CodeIgniter\Validation\Validation->run()
 4 APPPATH\Controllers\admin\Usuarios.php(58): CodeIgniter\Controller->validate([...])
 5 SYSTEMPATH\CodeIgniter.php(919): App\Controllers\admin\Usuarios->agregar()
 6 SYSTEMPATH\CodeIgniter.php(494): CodeIgniter\CodeIgniter->runController(Object(App\Controllers\admin\Usuarios))
 7 SYSTEMPATH\CodeIgniter.php(353): CodeIgniter\CodeIgniter->handleRequest(null, Object(Config\Cache), false)
 8 FCPATH\index.php(79): CodeIgniter\CodeIgniter->run()
 9 SYSTEMPATH\Commands\Server\rewrite.php(47): require_once('C:\\xampp\\htdocs\\EncuentraTuCuarto.mx\\public\\index.php')
CRITICAL - 2023-11-30 04:01:12 --> "max_lenght" is not a valid rule.
in SYSTEMPATH\Validation\Validation.php on line 317.
 1 SYSTEMPATH\Validation\Validation.php(317): CodeIgniter\Validation\Exceptions\ValidationException::forRuleNotFound('max_lenght')
 2 SYSTEMPATH\Validation\Validation.php(195): CodeIgniter\Validation\Validation->processRules('bio', 'bio', '', [...], [...])
 3 SYSTEMPATH\Controller.php(150): CodeIgniter\Validation\Validation->run()
 4 APPPATH\Controllers\admin\Usuarios.php(58): CodeIgniter\Controller->validate([...])
 5 SYSTEMPATH\CodeIgniter.php(919): App\Controllers\admin\Usuarios->agregar()
 6 SYSTEMPATH\CodeIgniter.php(494): CodeIgniter\CodeIgniter->runController(Object(App\Controllers\admin\Usuarios))
 7 SYSTEMPATH\CodeIgniter.php(353): CodeIgniter\CodeIgniter->handleRequest(null, Object(Config\Cache), false)
 8 FCPATH\index.php(79): CodeIgniter\CodeIgniter->run()
 9 SYSTEMPATH\Commands\Server\rewrite.php(47): require_once('C:\\xampp\\htdocs\\EncuentraTuCuarto.mx\\public\\index.php')
CRITICAL - 2023-11-30 04:03:24 --> "max_lenght" is not a valid rule.
in SYSTEMPATH\Validation\Validation.php on line 317.
 1 SYSTEMPATH\Validation\Validation.php(317): CodeIgniter\Validation\Exceptions\ValidationException::forRuleNotFound('max_lenght')
 2 SYSTEMPATH\Validation\Validation.php(195): CodeIgniter\Validation\Validation->processRules('bio', 'bio', 'asdasdfasdfas', [...], [...])
 3 SYSTEMPATH\Controller.php(150): CodeIgniter\Validation\Validation->run()
 4 APPPATH\Controllers\admin\Usuarios.php(58): CodeIgniter\Controller->validate([...])
 5 SYSTEMPATH\CodeIgniter.php(919): App\Controllers\admin\Usuarios->agregar()
 6 SYSTEMPATH\CodeIgniter.php(494): CodeIgniter\CodeIgniter->runController(Object(App\Controllers\admin\Usuarios))
 7 SYSTEMPATH\CodeIgniter.php(353): CodeIgniter\CodeIgniter->handleRequest(null, Object(Config\Cache), false)
 8 FCPATH\index.php(79): CodeIgniter\CodeIgniter->run()
 9 SYSTEMPATH\Commands\Server\rewrite.php(47): require_once('C:\\xampp\\htdocs\\EncuentraTuCuarto.mx\\public\\index.php')
CRITICAL - 2023-11-30 04:04:49 --> "max_lenght" is not a valid rule.
in SYSTEMPATH\Validation\Validation.php on line 317.
 1 SYSTEMPATH\Validation\Validation.php(317): CodeIgniter\Validation\Exceptions\ValidationException::forRuleNotFound('max_lenght')
 2 SYSTEMPATH\Validation\Validation.php(195): CodeIgniter\Validation\Validation->processRules('bio', 'bio', '', [...], [...])
 3 SYSTEMPATH\Controller.php(150): CodeIgniter\Validation\Validation->run()
 4 APPPATH\Controllers\admin\Usuarios.php(58): CodeIgniter\Controller->validate([...])
 5 SYSTEMPATH\CodeIgniter.php(919): App\Controllers\admin\Usuarios->agregar()
 6 SYSTEMPATH\CodeIgniter.php(494): CodeIgniter\CodeIgniter->runController(Object(App\Controllers\admin\Usuarios))
 7 SYSTEMPATH\CodeIgniter.php(353): CodeIgniter\CodeIgniter->handleRequest(null, Object(Config\Cache), false)
 8 FCPATH\index.php(79): CodeIgniter\CodeIgniter->run()
 9 SYSTEMPATH\Commands\Server\rewrite.php(47): require_once('C:\\xampp\\htdocs\\EncuentraTuCuarto.mx\\public\\index.php')
CRITICAL - 2023-11-30 04:06:57 --> "max_lenght" is not a valid rule.
in SYSTEMPATH\Validation\Validation.php on line 317.
 1 SYSTEMPATH\Validation\Validation.php(317): CodeIgniter\Validation\Exceptions\ValidationException::forRuleNotFound('max_lenght')
 2 SYSTEMPATH\Validation\Validation.php(195): CodeIgniter\Validation\Validation->processRules('bio', 'bio', '', [...], [...])
 3 SYSTEMPATH\Controller.php(150): CodeIgniter\Validation\Validation->run()
 4 APPPATH\Controllers\admin\Usuarios.php(58): CodeIgniter\Controller->validate([...])
 5 SYSTEMPATH\CodeIgniter.php(919): App\Controllers\admin\Usuarios->agregar()
 6 SYSTEMPATH\CodeIgniter.php(494): CodeIgniter\CodeIgniter->runController(Object(App\Controllers\admin\Usuarios))
 7 SYSTEMPATH\CodeIgniter.php(353): CodeIgniter\CodeIgniter->handleRequest(null, Object(Config\Cache), false)
 8 FCPATH\index.php(79): CodeIgniter\CodeIgniter->run()
 9 SYSTEMPATH\Commands\Server\rewrite.php(47): require_once('C:\\xampp\\htdocs\\EncuentraTuCuarto.mx\\public\\index.php')
ERROR - 2023-11-30 04:09:36 --> mysqli_sql_exception: Cannot add or update a child row: a foreign key constraint fails (`encuentratucuarto`.`userinfo`, CONSTRAINT `id_usuario` FOREIGN KEY (`id`) REFERENCES `users` (`id`)) in C:\xampp\htdocs\EncuentraTuCuarto.mx\system\Database\MySQLi\Connection.php:306
Stack trace:
#0 C:\xampp\htdocs\EncuentraTuCuarto.mx\system\Database\MySQLi\Connection.php(306): mysqli->query('INSERT INTO `us...', 0)
#1 C:\xampp\htdocs\EncuentraTuCuarto.mx\system\Database\BaseConnection.php(692): CodeIgniter\Database\MySQLi\Connection->execute('INSERT INTO `us...')
#2 C:\xampp\htdocs\EncuentraTuCuarto.mx\system\Database\BaseConnection.php(606): CodeIgniter\Database\BaseConnection->simpleQuery('INSERT INTO `us...')
#3 C:\xampp\htdocs\EncuentraTuCuarto.mx\system\Database\BaseBuilder.php(2308): CodeIgniter\Database\BaseConnection->query('INSERT INTO `us...', Array, false)
#4 C:\xampp\htdocs\EncuentraTuCuarto.mx\system\Model.php(319): CodeIgniter\Database\BaseBuilder->insert()
#5 C:\xampp\htdocs\EncuentraTuCuarto.mx\system\BaseModel.php(788): CodeIgniter\Model->doInsert(Array)
#6 C:\xampp\htdocs\EncuentraTuCuarto.mx\system\Model.php(715): CodeIgniter\BaseModel->insert(Array, false)
#7 C:\xampp\htdocs\EncuentraTuCuarto.mx\app\Controllers\admin\Usuarios.php(92): CodeIgniter\Model->insert(Array, false)
#8 C:\xampp\htdocs\EncuentraTuCuarto.mx\app\Controllers\admin\Usuarios.php(65): App\Controllers\admin\Usuarios->insertarUsuario()
#9 C:\xampp\htdocs\EncuentraTuCuarto.mx\system\CodeIgniter.php(919): App\Controllers\admin\Usuarios->agregar()
#10 C:\xampp\htdocs\EncuentraTuCuarto.mx\system\CodeIgniter.php(494): CodeIgniter\CodeIgniter->runController(Object(App\Controllers\admin\Usuarios))
#11 C:\xampp\htdocs\EncuentraTuCuarto.mx\system\CodeIgniter.php(353): CodeIgniter\CodeIgniter->handleRequest(NULL, Object(Config\Cache), false)
#12 C:\xampp\htdocs\EncuentraTuCuarto.mx\public\index.php(79): CodeIgniter\CodeIgniter->run()
#13 C:\xampp\htdocs\EncuentraTuCuarto.mx\system\Commands\Server\rewrite.php(47): require_once('C:\\xampp\\htdocs...')
#14 {main}
CRITICAL - 2023-11-30 04:09:36 --> Cannot add or update a child row: a foreign key constraint fails (`encuentratucuarto`.`userinfo`, CONSTRAINT `id_usuario` FOREIGN KEY (`id`) REFERENCES `users` (`id`))
in SYSTEMPATH\Database\BaseConnection.php on line 646.
 1 SYSTEMPATH\Database\BaseBuilder.php(2308): CodeIgniter\Database\BaseConnection->query('INSERT INTO `userinfo` (`name`, `lastname`, `birthday`, `account_number`, `bank_name`, `account_type`, `account_holder`, `cvv`, `month_c`, `year_c`, `gender`, `phone`, `photo`, `bio`, `RFC`, `email`) VALUES (:name:, :lastname:, :birthday:, :account_number:, :bank_name:, :account_type:, :account_holder:, :cvv:, :month_c:, :year_c:, :gender:, :phone:, :photo:, :bio:, :RFC:, :email:)', [...], false)
 2 SYSTEMPATH\Model.php(319): CodeIgniter\Database\BaseBuilder->insert()
 3 SYSTEMPATH\BaseModel.php(788): CodeIgniter\Model->doInsert([...])
 4 SYSTEMPATH\Model.php(715): CodeIgniter\BaseModel->insert([...], false)
 5 APPPATH\Controllers\admin\Usuarios.php(92): CodeIgniter\Model->insert([...], false)
 6 APPPATH\Controllers\admin\Usuarios.php(65): App\Controllers\admin\Usuarios->insertarUsuario()
 7 SYSTEMPATH\CodeIgniter.php(919): App\Controllers\admin\Usuarios->agregar()
 8 SYSTEMPATH\CodeIgniter.php(494): CodeIgniter\CodeIgniter->runController(Object(App\Controllers\admin\Usuarios))
 9 SYSTEMPATH\CodeIgniter.php(353): CodeIgniter\CodeIgniter->handleRequest(null, Object(Config\Cache), false)
10 FCPATH\index.php(79): CodeIgniter\CodeIgniter->run()
11 SYSTEMPATH\Commands\Server\rewrite.php(47): require_once('C:\\xampp\\htdocs\\EncuentraTuCuarto.mx\\public\\index.php')
CRITICAL - 2023-11-30 06:56:44 --> Invalid file: "EncuentraTuCuarto/admin/vistas/users/ver.php"
in SYSTEMPATH\Exceptions\FrameworkException.php on line 39.
 1 SYSTEMPATH\View\View.php(214): CodeIgniter\Exceptions\FrameworkException::forInvalidFile('EncuentraTuCuarto/admin/vistas/users/ver.php')
 2 SYSTEMPATH\Common.php(1188): CodeIgniter\View\View->render('EncuentraTuCuarto/admin/vistas/users/ver', [], true)
 3 APPPATH\Controllers\admin\Users.php(20): view('EncuentraTuCuarto/admin/vistas/users/ver', [...])
 4 SYSTEMPATH\CodeIgniter.php(919): App\Controllers\admin\Users->ver()
 5 SYSTEMPATH\CodeIgniter.php(494): CodeIgniter\CodeIgniter->runController(Object(App\Controllers\admin\Users))
 6 SYSTEMPATH\CodeIgniter.php(353): CodeIgniter\CodeIgniter->handleRequest(null, Object(Config\Cache), false)
 7 FCPATH\index.php(79): CodeIgniter\CodeIgniter->run()
 8 SYSTEMPATH\Commands\Server\rewrite.php(47): require_once('C:\\xampp\\htdocs\\EncuentraTuCuarto.mx\\public\\index.php')
ERROR - 2023-11-30 07:09:43 --> mysqli_sql_exception: Table 'encuentratucuarto.usuarios' doesn't exist in C:\xampp\htdocs\EncuentraTuCuarto.mx\system\Database\MySQLi\Connection.php:306
Stack trace:
#0 C:\xampp\htdocs\EncuentraTuCuarto.mx\system\Database\MySQLi\Connection.php(306): mysqli->query('SELECT 1\nFROM `...', 0)
#1 C:\xampp\htdocs\EncuentraTuCuarto.mx\system\Database\BaseConnection.php(692): CodeIgniter\Database\MySQLi\Connection->execute('SELECT 1\nFROM `...')
#2 C:\xampp\htdocs\EncuentraTuCuarto.mx\system\Database\BaseConnection.php(606): CodeIgniter\Database\BaseConnection->simpleQuery('SELECT 1\nFROM `...')
#3 C:\xampp\htdocs\EncuentraTuCuarto.mx\system\Database\BaseBuilder.php(1615): CodeIgniter\Database\BaseConnection->query('SELECT 1\nFROM `...', Array, false)
#4 C:\xampp\htdocs\EncuentraTuCuarto.mx\system\Validation\StrictRules\Rules.php(206): CodeIgniter\Database\BaseBuilder->get()
#5 C:\xampp\htdocs\EncuentraTuCuarto.mx\system\Validation\Validation.php(309): CodeIgniter\Validation\StrictRules\Rules->is_unique('Roldan', 'username', Array, NULL, 'username')
#6 C:\xampp\htdocs\EncuentraTuCuarto.mx\system\Validation\Validation.php(195): CodeIgniter\Validation\Validation->processRules('username', 'username', 'Roldan', Array, Array)
#7 C:\xampp\htdocs\EncuentraTuCuarto.mx\system\Controller.php(150): CodeIgniter\Validation\Validation->run()
#8 C:\xampp\htdocs\EncuentraTuCuarto.mx\app\Controllers\admin\Users.php(42): CodeIgniter\Controller->validate(Array)
#9 C:\xampp\htdocs\EncuentraTuCuarto.mx\system\CodeIgniter.php(919): App\Controllers\admin\Users->agregar()
#10 C:\xampp\htdocs\EncuentraTuCuarto.mx\system\CodeIgniter.php(494): CodeIgniter\CodeIgniter->runController(Object(App\Controllers\admin\Users))
#11 C:\xampp\htdocs\EncuentraTuCuarto.mx\system\CodeIgniter.php(353): CodeIgniter\CodeIgniter->handleRequest(NULL, Object(Config\Cache), false)
#12 C:\xampp\htdocs\EncuentraTuCuarto.mx\public\index.php(79): CodeIgniter\CodeIgniter->run()
#13 C:\xampp\htdocs\EncuentraTuCuarto.mx\system\Commands\Server\rewrite.php(47): require_once('C:\\xampp\\htdocs...')
#14 {main}
CRITICAL - 2023-11-30 07:09:43 --> Table 'encuentratucuarto.usuarios' doesn't exist
in SYSTEMPATH\Database\BaseConnection.php on line 646.
 1 SYSTEMPATH\Database\BaseBuilder.php(1615): CodeIgniter\Database\BaseConnection->query('SELECT 1
FROM `usuarios`
WHERE `username` = :username:
 LIMIT 1', [...], false)
 2 SYSTEMPATH\Validation\StrictRules\Rules.php(206): CodeIgniter\Database\BaseBuilder->get()
 3 SYSTEMPATH\Validation\Validation.php(309): CodeIgniter\Validation\StrictRules\Rules->is_unique('Roldan', 'username', [...], null, 'username')
 4 SYSTEMPATH\Validation\Validation.php(195): CodeIgniter\Validation\Validation->processRules('username', 'username', 'Roldan', [...], [...])
 5 SYSTEMPATH\Controller.php(150): CodeIgniter\Validation\Validation->run()
 6 APPPATH\Controllers\admin\Users.php(42): CodeIgniter\Controller->validate([...])
 7 SYSTEMPATH\CodeIgniter.php(919): App\Controllers\admin\Users->agregar()
 8 SYSTEMPATH\CodeIgniter.php(494): CodeIgniter\CodeIgniter->runController(Object(App\Controllers\admin\Users))
 9 SYSTEMPATH\CodeIgniter.php(353): CodeIgniter\CodeIgniter->handleRequest(null, Object(Config\Cache), false)
10 FCPATH\index.php(79): CodeIgniter\CodeIgniter->run()
11 SYSTEMPATH\Commands\Server\rewrite.php(47): require_once('C:\\xampp\\htdocs\\EncuentraTuCuarto.mx\\public\\index.php')
CRITICAL - 2023-11-30 07:13:13 --> Undefined variable $usiarios
in APPPATH\Views\EncuentraTuCuarto\admin\vistas\users\editar.php on line 9.
 1 APPPATH\Views\EncuentraTuCuarto\admin\vistas\users\editar.php(9): CodeIgniter\Debug\Exceptions->errorHandler(2, 'Undefined variable $usiarios', 'C:\\xampp\\htdocs\\EncuentraTuCuarto.mx\\app\\Views\\EncuentraTuCuarto\\admin\\vistas\\users\\editar.php', 9)
 2 SYSTEMPATH\View\View.php(226): include('C:\\xampp\\htdocs\\EncuentraTuCuarto.mx\\app\\Views\\EncuentraTuCuarto\\admin\\vistas\\users\\editar.php')
 3 SYSTEMPATH\View\View.php(229): CodeIgniter\View\View->CodeIgniter\View\{closure}()
 4 SYSTEMPATH\Common.php(1188): CodeIgniter\View\View->render('EncuentraTuCuarto/admin/vistas/users/editar', [], true)
 5 APPPATH\Controllers\admin\Users.php(73): view('EncuentraTuCuarto/admin/vistas/users/editar', [...])
 6 SYSTEMPATH\CodeIgniter.php(919): App\Controllers\admin\Users->editar('5')
 7 SYSTEMPATH\CodeIgniter.php(494): CodeIgniter\CodeIgniter->runController(Object(App\Controllers\admin\Users))
 8 SYSTEMPATH\CodeIgniter.php(353): CodeIgniter\CodeIgniter->handleRequest(null, Object(Config\Cache), false)
 9 FCPATH\index.php(79): CodeIgniter\CodeIgniter->run()
10 SYSTEMPATH\Commands\Server\rewrite.php(47): require_once('C:\\xampp\\htdocs\\EncuentraTuCuarto.mx\\public\\index.php')
CRITICAL - 2023-11-30 07:15:30 --> Undefined variable $users
in APPPATH\Views\EncuentraTuCuarto\admin\vistas\users\editar.php on line 27.
 1 APPPATH\Views\EncuentraTuCuarto\admin\vistas\users\editar.php(27): CodeIgniter\Debug\Exceptions->errorHandler(2, 'Undefined variable $users', 'C:\\xampp\\htdocs\\EncuentraTuCuarto.mx\\app\\Views\\EncuentraTuCuarto\\admin\\vistas\\users\\editar.php', 27)
 2 SYSTEMPATH\View\View.php(226): include('C:\\xampp\\htdocs\\EncuentraTuCuarto.mx\\app\\Views\\EncuentraTuCuarto\\admin\\vistas\\users\\editar.php')
 3 SYSTEMPATH\View\View.php(229): CodeIgniter\View\View->CodeIgniter\View\{closure}()
 4 SYSTEMPATH\Common.php(1188): CodeIgniter\View\View->render('EncuentraTuCuarto/admin/vistas/users/editar', [], true)
 5 APPPATH\Controllers\admin\Users.php(73): view('EncuentraTuCuarto/admin/vistas/users/editar', [...])
 6 SYSTEMPATH\CodeIgniter.php(919): App\Controllers\admin\Users->editar('1')
 7 SYSTEMPATH\CodeIgniter.php(494): CodeIgniter\CodeIgniter->runController(Object(App\Controllers\admin\Users))
 8 SYSTEMPATH\CodeIgniter.php(353): CodeIgniter\CodeIgniter->handleRequest(null, Object(Config\Cache), false)
 9 FCPATH\index.php(79): CodeIgniter\CodeIgniter->run()
10 SYSTEMPATH\Commands\Server\rewrite.php(47): require_once('C:\\xampp\\htdocs\\EncuentraTuCuarto.mx\\public\\index.php')
CRITICAL - 2023-11-30 07:16:16 --> Updates are not allowed unless they contain a "where" or "like" clause.
in SYSTEMPATH\Model.php on line 380.
 1 SYSTEMPATH\BaseModel.php(949): CodeIgniter\Model->doUpdate(null, [...])
 2 SYSTEMPATH\Model.php(776): CodeIgniter\BaseModel->update(null, [...])
 3 APPPATH\Controllers\admin\Users.php(111): CodeIgniter\Model->update(null, [...])
 4 SYSTEMPATH\CodeIgniter.php(919): App\Controllers\admin\Users->actualizar()
 5 SYSTEMPATH\CodeIgniter.php(494): CodeIgniter\CodeIgniter->runController(Object(App\Controllers\admin\Users))
 6 SYSTEMPATH\CodeIgniter.php(353): CodeIgniter\CodeIgniter->handleRequest(null, Object(Config\Cache), false)
 7 FCPATH\index.php(79): CodeIgniter\CodeIgniter->run()
 8 SYSTEMPATH\Commands\Server\rewrite.php(47): require_once('C:\\xampp\\htdocs\\EncuentraTuCuarto.mx\\public\\index.php')
CRITICAL - 2023-11-30 07:17:15 --> Undefined array key "id"
in APPPATH\Controllers\admin\Users.php on line 111.
 1 APPPATH\Controllers\admin\Users.php(111): CodeIgniter\Debug\Exceptions->errorHandler(2, 'Undefined array key "id"', 'C:\\xampp\\htdocs\\EncuentraTuCuarto.mx\\app\\Controllers\\admin\\Users.php', 111)
 2 SYSTEMPATH\CodeIgniter.php(919): App\Controllers\admin\Users->actualizar()
 3 SYSTEMPATH\CodeIgniter.php(494): CodeIgniter\CodeIgniter->runController(Object(App\Controllers\admin\Users))
 4 SYSTEMPATH\CodeIgniter.php(353): CodeIgniter\CodeIgniter->handleRequest(null, Object(Config\Cache), false)
 5 FCPATH\index.php(79): CodeIgniter\CodeIgniter->run()
 6 SYSTEMPATH\Commands\Server\rewrite.php(47): require_once('C:\\xampp\\htdocs\\EncuentraTuCuarto.mx\\public\\index.php')
CRITICAL - 2023-11-30 08:09:03 --> Undefined property: stdClass::$barrio
in APPPATH\Views\EncuentraTuCuarto\admin\vistas\serviciosExtras\editar.php on line 34.
 1 APPPATH\Views\EncuentraTuCuarto\admin\vistas\serviciosExtras\editar.php(34): CodeIgniter\Debug\Exceptions->errorHandler(2, 'Undefined property: stdClass::$barrio', 'C:\\xampp\\htdocs\\EncuentraTuCuarto.mx\\app\\Views\\EncuentraTuCuarto\\admin\\vistas\\serviciosExtras\\editar.php', 34)
 2 SYSTEMPATH\View\View.php(226): include('C:\\xampp\\htdocs\\EncuentraTuCuarto.mx\\app\\Views\\EncuentraTuCuarto\\admin\\vistas\\serviciosExtras\\editar.php')
 3 SYSTEMPATH\View\View.php(229): CodeIgniter\View\View->CodeIgniter\View\{closure}()
 4 SYSTEMPATH\Common.php(1188): CodeIgniter\View\View->render('EncuentraTuCuarto/admin/vistas/serviciosExtras/editar', [], true)
 5 APPPATH\Controllers\admin\Extraservices.php(86): view('EncuentraTuCuarto/admin/vistas/serviciosExtras/editar', [...])
 6 SYSTEMPATH\CodeIgniter.php(919): App\Controllers\admin\Extraservices->editar('1')
 7 SYSTEMPATH\CodeIgniter.php(494): CodeIgniter\CodeIgniter->runController(Object(App\Controllers\admin\Extraservices))
 8 SYSTEMPATH\CodeIgniter.php(353): CodeIgniter\CodeIgniter->handleRequest(null, Object(Config\Cache), false)
 9 FCPATH\index.php(79): CodeIgniter\CodeIgniter->run()
10 SYSTEMPATH\Commands\Server\rewrite.php(47): require_once('C:\\xampp\\htdocs\\EncuentraTuCuarto.mx\\public\\index.php')
CRITICAL - 2023-11-30 08:42:05 --> Undefined variable $ServicioExtra
in APPPATH\Views\EncuentraTuCuarto\admin\vistas\departamentos\editar.php on line 6.
 1 APPPATH\Views\EncuentraTuCuarto\admin\vistas\departamentos\editar.php(6): CodeIgniter\Debug\Exceptions->errorHandler(2, 'Undefined variable $ServicioExtra', 'C:\\xampp\\htdocs\\EncuentraTuCuarto.mx\\app\\Views\\EncuentraTuCuarto\\admin\\vistas\\departamentos\\editar.php', 6)
 2 SYSTEMPATH\View\View.php(226): include('C:\\xampp\\htdocs\\EncuentraTuCuarto.mx\\app\\Views\\EncuentraTuCuarto\\admin\\vistas\\departamentos\\editar.php')
 3 SYSTEMPATH\View\View.php(229): CodeIgniter\View\View->CodeIgniter\View\{closure}()
 4 SYSTEMPATH\Common.php(1188): CodeIgniter\View\View->render('EncuentraTuCuarto/admin/vistas/departamentos/editar', [], true)
 5 APPPATH\Controllers\admin\Departamentos.php(73): view('EncuentraTuCuarto/admin/vistas/departamentos/editar', [...])
 6 SYSTEMPATH\CodeIgniter.php(919): App\Controllers\admin\Departamentos->editar('11')
 7 SYSTEMPATH\CodeIgniter.php(494): CodeIgniter\CodeIgniter->runController(Object(App\Controllers\admin\Departamentos))
 8 SYSTEMPATH\CodeIgniter.php(353): CodeIgniter\CodeIgniter->handleRequest(null, Object(Config\Cache), false)
 9 FCPATH\index.php(79): CodeIgniter\CodeIgniter->run()
10 SYSTEMPATH\Commands\Server\rewrite.php(47): require_once('C:\\xampp\\htdocs\\EncuentraTuCuarto.mx\\public\\index.php')
CRITICAL - 2023-11-30 08:42:55 --> Undefined variable $servicioExtra
in APPPATH\Views\EncuentraTuCuarto\admin\vistas\departamentos\editar.php on line 6.
 1 APPPATH\Views\EncuentraTuCuarto\admin\vistas\departamentos\editar.php(6): CodeIgniter\Debug\Exceptions->errorHandler(2, 'Undefined variable $servicioExtra', 'C:\\xampp\\htdocs\\EncuentraTuCuarto.mx\\app\\Views\\EncuentraTuCuarto\\admin\\vistas\\departamentos\\editar.php', 6)
 2 SYSTEMPATH\View\View.php(226): include('C:\\xampp\\htdocs\\EncuentraTuCuarto.mx\\app\\Views\\EncuentraTuCuarto\\admin\\vistas\\departamentos\\editar.php')
 3 SYSTEMPATH\View\View.php(229): CodeIgniter\View\View->CodeIgniter\View\{closure}()
 4 SYSTEMPATH\Common.php(1188): CodeIgniter\View\View->render('EncuentraTuCuarto/admin/vistas/departamentos/editar', [], true)
 5 APPPATH\Controllers\admin\Departamentos.php(73): view('EncuentraTuCuarto/admin/vistas/departamentos/editar', [...])
 6 SYSTEMPATH\CodeIgniter.php(919): App\Controllers\admin\Departamentos->editar('11')
 7 SYSTEMPATH\CodeIgniter.php(494): CodeIgniter\CodeIgniter->runController(Object(App\Controllers\admin\Departamentos))
 8 SYSTEMPATH\CodeIgniter.php(353): CodeIgniter\CodeIgniter->handleRequest(null, Object(Config\Cache), false)
 9 FCPATH\index.php(79): CodeIgniter\CodeIgniter->run()
10 SYSTEMPATH\Commands\Server\rewrite.php(47): require_once('C:\\xampp\\htdocs\\EncuentraTuCuarto.mx\\public\\index.php')
CRITICAL - 2023-11-30 09:08:26 --> Undefined variable $unidad
in APPPATH\Views\EncuentraTuCuarto\admin\vistas\unidades\ver.php on line 5.
 1 APPPATH\Views\EncuentraTuCuarto\admin\vistas\unidades\ver.php(5): CodeIgniter\Debug\Exceptions->errorHandler(2, 'Undefined variable $unidad', 'C:\\xampp\\htdocs\\EncuentraTuCuarto.mx\\app\\Views\\EncuentraTuCuarto\\admin\\vistas\\unidades\\ver.php', 5)
 2 SYSTEMPATH\View\View.php(226): include('C:\\xampp\\htdocs\\EncuentraTuCuarto.mx\\app\\Views\\EncuentraTuCuarto\\admin\\vistas\\unidades\\ver.php')
 3 SYSTEMPATH\View\View.php(229): CodeIgniter\View\View->CodeIgniter\View\{closure}()
 4 SYSTEMPATH\Common.php(1188): CodeIgniter\View\View->render('EncuentraTuCuarto/admin/vistas/unidades/ver', [], true)
 5 APPPATH\Controllers\admin\Unidades.php(17): view('EncuentraTuCuarto/admin/vistas/unidades/ver', [...])
 6 SYSTEMPATH\CodeIgniter.php(919): App\Controllers\admin\Unidades->ver()
 7 SYSTEMPATH\CodeIgniter.php(494): CodeIgniter\CodeIgniter->runController(Object(App\Controllers\admin\Unidades))
 8 SYSTEMPATH\CodeIgniter.php(353): CodeIgniter\CodeIgniter->handleRequest(null, Object(Config\Cache), false)
 9 FCPATH\index.php(79): CodeIgniter\CodeIgniter->run()
10 SYSTEMPATH\Commands\Server\rewrite.php(47): require_once('C:\\xampp\\htdocs\\EncuentraTuCuarto.mx\\public\\index.php')
CRITICAL - 2023-11-30 09:08:31 --> Undefined variable $unidad
in APPPATH\Views\EncuentraTuCuarto\admin\vistas\unidades\ver.php on line 5.
 1 APPPATH\Views\EncuentraTuCuarto\admin\vistas\unidades\ver.php(5): CodeIgniter\Debug\Exceptions->errorHandler(2, 'Undefined variable $unidad', 'C:\\xampp\\htdocs\\EncuentraTuCuarto.mx\\app\\Views\\EncuentraTuCuarto\\admin\\vistas\\unidades\\ver.php', 5)
 2 SYSTEMPATH\View\View.php(226): include('C:\\xampp\\htdocs\\EncuentraTuCuarto.mx\\app\\Views\\EncuentraTuCuarto\\admin\\vistas\\unidades\\ver.php')
 3 SYSTEMPATH\View\View.php(229): CodeIgniter\View\View->CodeIgniter\View\{closure}()
 4 SYSTEMPATH\Common.php(1188): CodeIgniter\View\View->render('EncuentraTuCuarto/admin/vistas/unidades/ver', [], true)
 5 APPPATH\Controllers\admin\Unidades.php(17): view('EncuentraTuCuarto/admin/vistas/unidades/ver', [...])
 6 SYSTEMPATH\CodeIgniter.php(919): App\Controllers\admin\Unidades->ver()
 7 SYSTEMPATH\CodeIgniter.php(494): CodeIgniter\CodeIgniter->runController(Object(App\Controllers\admin\Unidades))
 8 SYSTEMPATH\CodeIgniter.php(353): CodeIgniter\CodeIgniter->handleRequest(null, Object(Config\Cache), false)
 9 FCPATH\index.php(79): CodeIgniter\CodeIgniter->run()
10 SYSTEMPATH\Commands\Server\rewrite.php(47): require_once('C:\\xampp\\htdocs\\EncuentraTuCuarto.mx\\public\\index.php')
ERROR - 2023-11-30 09:26:39 --> mysqli_sql_exception: Cannot add or update a child row: a foreign key constraint fails (`encuentratucuarto`.`units`, CONSTRAINT `units_ibfk_1` FOREIGN KEY (`apartment`) REFERENCES `apartments` (`id`)) in C:\xampp\htdocs\EncuentraTuCuarto.mx\system\Database\MySQLi\Connection.php:306
Stack trace:
#0 C:\xampp\htdocs\EncuentraTuCuarto.mx\system\Database\MySQLi\Connection.php(306): mysqli->query('INSERT INTO `un...', 0)
#1 C:\xampp\htdocs\EncuentraTuCuarto.mx\system\Database\BaseConnection.php(692): CodeIgniter\Database\MySQLi\Connection->execute('INSERT INTO `un...')
#2 C:\xampp\htdocs\EncuentraTuCuarto.mx\system\Database\BaseConnection.php(606): CodeIgniter\Database\BaseConnection->simpleQuery('INSERT INTO `un...')
#3 C:\xampp\htdocs\EncuentraTuCuarto.mx\system\Database\BaseBuilder.php(2308): CodeIgniter\Database\BaseConnection->query('INSERT INTO `un...', Array, false)
#4 C:\xampp\htdocs\EncuentraTuCuarto.mx\system\Model.php(319): CodeIgniter\Database\BaseBuilder->insert()
#5 C:\xampp\htdocs\EncuentraTuCuarto.mx\system\BaseModel.php(788): CodeIgniter\Model->doInsert(Array)
#6 C:\xampp\htdocs\EncuentraTuCuarto.mx\system\Model.php(715): CodeIgniter\BaseModel->insert(Array, false)
#7 C:\xampp\htdocs\EncuentraTuCuarto.mx\app\Controllers\admin\Unidades.php(68): CodeIgniter\Model->insert(Array, false)
#8 C:\xampp\htdocs\EncuentraTuCuarto.mx\app\Controllers\admin\Unidades.php(51): App\Controllers\admin\Unidades->insertar()
#9 C:\xampp\htdocs\EncuentraTuCuarto.mx\system\CodeIgniter.php(919): App\Controllers\admin\Unidades->agregar()
#10 C:\xampp\htdocs\EncuentraTuCuarto.mx\system\CodeIgniter.php(494): CodeIgniter\CodeIgniter->runController(Object(App\Controllers\admin\Unidades))
#11 C:\xampp\htdocs\EncuentraTuCuarto.mx\system\CodeIgniter.php(353): CodeIgniter\CodeIgniter->handleRequest(NULL, Object(Config\Cache), false)
#12 C:\xampp\htdocs\EncuentraTuCuarto.mx\public\index.php(79): CodeIgniter\CodeIgniter->run()
#13 C:\xampp\htdocs\EncuentraTuCuarto.mx\system\Commands\Server\rewrite.php(47): require_once('C:\\xampp\\htdocs...')
#14 {main}
CRITICAL - 2023-11-30 09:26:39 --> Cannot add or update a child row: a foreign key constraint fails (`encuentratucuarto`.`units`, CONSTRAINT `units_ibfk_1` FOREIGN KEY (`apartment`) REFERENCES `apartments` (`id`))
in SYSTEMPATH\Database\BaseConnection.php on line 646.
 1 SYSTEMPATH\Database\BaseBuilder.php(2308): CodeIgniter\Database\BaseConnection->query('INSERT INTO `units` (`street`, `neighborhood`, `extra_Services`, `apartment`, `floors`, `locality`) VALUES (:street:, :neighborhood:, :extra_Services:, :apartment:, :floors:, :locality:)', [...], false)
 2 SYSTEMPATH\Model.php(319): CodeIgniter\Database\BaseBuilder->insert()
 3 SYSTEMPATH\BaseModel.php(788): CodeIgniter\Model->doInsert([...])
 4 SYSTEMPATH\Model.php(715): CodeIgniter\BaseModel->insert([...], false)
 5 APPPATH\Controllers\admin\Unidades.php(68): CodeIgniter\Model->insert([...], false)
 6 APPPATH\Controllers\admin\Unidades.php(51): App\Controllers\admin\Unidades->insertar()
 7 SYSTEMPATH\CodeIgniter.php(919): App\Controllers\admin\Unidades->agregar()
 8 SYSTEMPATH\CodeIgniter.php(494): CodeIgniter\CodeIgniter->runController(Object(App\Controllers\admin\Unidades))
 9 SYSTEMPATH\CodeIgniter.php(353): CodeIgniter\CodeIgniter->handleRequest(null, Object(Config\Cache), false)
10 FCPATH\index.php(79): CodeIgniter\CodeIgniter->run()
11 SYSTEMPATH\Commands\Server\rewrite.php(47): require_once('C:\\xampp\\htdocs\\EncuentraTuCuarto.mx\\public\\index.php')
ERROR - 2023-11-30 09:26:55 --> mysqli_sql_exception: Cannot add or update a child row: a foreign key constraint fails (`encuentratucuarto`.`units`, CONSTRAINT `units_ibfk_2` FOREIGN KEY (`extra_services`) REFERENCES `extraservices` (`id`)) in C:\xampp\htdocs\EncuentraTuCuarto.mx\system\Database\MySQLi\Connection.php:306
Stack trace:
#0 C:\xampp\htdocs\EncuentraTuCuarto.mx\system\Database\MySQLi\Connection.php(306): mysqli->query('INSERT INTO `un...', 0)
#1 C:\xampp\htdocs\EncuentraTuCuarto.mx\system\Database\BaseConnection.php(692): CodeIgniter\Database\MySQLi\Connection->execute('INSERT INTO `un...')
#2 C:\xampp\htdocs\EncuentraTuCuarto.mx\system\Database\BaseConnection.php(606): CodeIgniter\Database\BaseConnection->simpleQuery('INSERT INTO `un...')
#3 C:\xampp\htdocs\EncuentraTuCuarto.mx\system\Database\BaseBuilder.php(2308): CodeIgniter\Database\BaseConnection->query('INSERT INTO `un...', Array, false)
#4 C:\xampp\htdocs\EncuentraTuCuarto.mx\system\Model.php(319): CodeIgniter\Database\BaseBuilder->insert()
#5 C:\xampp\htdocs\EncuentraTuCuarto.mx\system\BaseModel.php(788): CodeIgniter\Model->doInsert(Array)
#6 C:\xampp\htdocs\EncuentraTuCuarto.mx\system\Model.php(715): CodeIgniter\BaseModel->insert(Array, false)
#7 C:\xampp\htdocs\EncuentraTuCuarto.mx\app\Controllers\admin\Unidades.php(68): CodeIgniter\Model->insert(Array, false)
#8 C:\xampp\htdocs\EncuentraTuCuarto.mx\app\Controllers\admin\Unidades.php(51): App\Controllers\admin\Unidades->insertar()
#9 C:\xampp\htdocs\EncuentraTuCuarto.mx\system\CodeIgniter.php(919): App\Controllers\admin\Unidades->agregar()
#10 C:\xampp\htdocs\EncuentraTuCuarto.mx\system\CodeIgniter.php(494): CodeIgniter\CodeIgniter->runController(Object(App\Controllers\admin\Unidades))
#11 C:\xampp\htdocs\EncuentraTuCuarto.mx\system\CodeIgniter.php(353): CodeIgniter\CodeIgniter->handleRequest(NULL, Object(Config\Cache), false)
#12 C:\xampp\htdocs\EncuentraTuCuarto.mx\public\index.php(79): CodeIgniter\CodeIgniter->run()
#13 C:\xampp\htdocs\EncuentraTuCuarto.mx\system\Commands\Server\rewrite.php(47): require_once('C:\\xampp\\htdocs...')
#14 {main}
CRITICAL - 2023-11-30 09:26:55 --> Cannot add or update a child row: a foreign key constraint fails (`encuentratucuarto`.`units`, CONSTRAINT `units_ibfk_2` FOREIGN KEY (`extra_services`) REFERENCES `extraservices` (`id`))
in SYSTEMPATH\Database\BaseConnection.php on line 646.
 1 SYSTEMPATH\Database\BaseBuilder.php(2308): CodeIgniter\Database\BaseConnection->query('INSERT INTO `units` (`street`, `neighborhood`, `extra_Services`, `apartment`, `floors`, `locality`) VALUES (:street:, :neighborhood:, :extra_Services:, :apartment:, :floors:, :locality:)', [...], false)
 2 SYSTEMPATH\Model.php(319): CodeIgniter\Database\BaseBuilder->insert()
 3 SYSTEMPATH\BaseModel.php(788): CodeIgniter\Model->doInsert([...])
 4 SYSTEMPATH\Model.php(715): CodeIgniter\BaseModel->insert([...], false)
 5 APPPATH\Controllers\admin\Unidades.php(68): CodeIgniter\Model->insert([...], false)
 6 APPPATH\Controllers\admin\Unidades.php(51): App\Controllers\admin\Unidades->insertar()
 7 SYSTEMPATH\CodeIgniter.php(919): App\Controllers\admin\Unidades->agregar()
 8 SYSTEMPATH\CodeIgniter.php(494): CodeIgniter\CodeIgniter->runController(Object(App\Controllers\admin\Unidades))
 9 SYSTEMPATH\CodeIgniter.php(353): CodeIgniter\CodeIgniter->handleRequest(null, Object(Config\Cache), false)
10 FCPATH\index.php(79): CodeIgniter\CodeIgniter->run()
11 SYSTEMPATH\Commands\Server\rewrite.php(47): require_once('C:\\xampp\\htdocs\\EncuentraTuCuarto.mx\\public\\index.php')
CRITICAL - 2023-11-30 09:33:46 --> Undefined variable $unidad
in APPPATH\Views\EncuentraTuCuarto\admin\vistas\usuarios\ver.php on line 47.
 1 APPPATH\Views\EncuentraTuCuarto\admin\vistas\usuarios\ver.php(47): CodeIgniter\Debug\Exceptions->errorHandler(2, 'Undefined variable $unidad', 'C:\\xampp\\htdocs\\EncuentraTuCuarto.mx\\app\\Views\\EncuentraTuCuarto\\admin\\vistas\\usuarios\\ver.php', 47)
 2 SYSTEMPATH\View\View.php(226): include('C:\\xampp\\htdocs\\EncuentraTuCuarto.mx\\app\\Views\\EncuentraTuCuarto\\admin\\vistas\\usuarios\\ver.php')
 3 SYSTEMPATH\View\View.php(229): CodeIgniter\View\View->CodeIgniter\View\{closure}()
 4 SYSTEMPATH\Common.php(1188): CodeIgniter\View\View->render('EncuentraTuCuarto/admin/vistas/usuarios/ver', [], true)
 5 APPPATH\Controllers\admin\Usuarios.php(22): view('EncuentraTuCuarto/admin/vistas/usuarios/ver', [...])
 6 SYSTEMPATH\CodeIgniter.php(919): App\Controllers\admin\Usuarios->ver()
 7 SYSTEMPATH\CodeIgniter.php(494): CodeIgniter\CodeIgniter->runController(Object(App\Controllers\admin\Usuarios))
 8 SYSTEMPATH\CodeIgniter.php(353): CodeIgniter\CodeIgniter->handleRequest(null, Object(Config\Cache), false)
 9 FCPATH\index.php(79): CodeIgniter\CodeIgniter->run()
10 SYSTEMPATH\Commands\Server\rewrite.php(47): require_once('C:\\xampp\\htdocs\\EncuentraTuCuarto.mx\\public\\index.php')
CRITICAL - 2023-11-30 10:07:57 --> Call to a member function find() on null
in APPPATH\Controllers\admin\Servicios.php on line 64.
 1 SYSTEMPATH\CodeIgniter.php(919): App\Controllers\admin\Servicios->editar('1')
 2 SYSTEMPATH\CodeIgniter.php(494): CodeIgniter\CodeIgniter->runController(Object(App\Controllers\admin\Servicios))
 3 SYSTEMPATH\CodeIgniter.php(353): CodeIgniter\CodeIgniter->handleRequest(null, Object(Config\Cache), false)
 4 FCPATH\index.php(79): CodeIgniter\CodeIgniter->run()
 5 SYSTEMPATH\Commands\Server\rewrite.php(47): require_once('C:\\xampp\\htdocs\\EncuentraTuCuarto.mx\\public\\index.php')
CRITICAL - 2023-11-30 10:08:45 --> Call to a member function insert() on null
in APPPATH\Controllers\admin\Servicios.php on line 58.
 1 APPPATH\Controllers\admin\Servicios.php(45): App\Controllers\admin\Servicios->insertarServicio()
 2 SYSTEMPATH\CodeIgniter.php(919): App\Controllers\admin\Servicios->agregar()
 3 SYSTEMPATH\CodeIgniter.php(494): CodeIgniter\CodeIgniter->runController(Object(App\Controllers\admin\Servicios))
 4 SYSTEMPATH\CodeIgniter.php(353): CodeIgniter\CodeIgniter->handleRequest(null, Object(Config\Cache), false)
 5 FCPATH\index.php(79): CodeIgniter\CodeIgniter->run()
 6 SYSTEMPATH\Commands\Server\rewrite.php(47): require_once('C:\\xampp\\htdocs\\EncuentraTuCuarto.mx\\public\\index.php')
CRITICAL - 2023-11-30 10:09:05 --> Call to a member function insert() on null
in APPPATH\Controllers\admin\Servicios.php on line 58.
 1 APPPATH\Controllers\admin\Servicios.php(45): App\Controllers\admin\Servicios->insertarServicio()
 2 SYSTEMPATH\CodeIgniter.php(919): App\Controllers\admin\Servicios->agregar()
 3 SYSTEMPATH\CodeIgniter.php(494): CodeIgniter\CodeIgniter->runController(Object(App\Controllers\admin\Servicios))
 4 SYSTEMPATH\CodeIgniter.php(353): CodeIgniter\CodeIgniter->handleRequest(null, Object(Config\Cache), false)
 5 FCPATH\index.php(79): CodeIgniter\CodeIgniter->run()
 6 SYSTEMPATH\Commands\Server\rewrite.php(47): require_once('C:\\xampp\\htdocs\\EncuentraTuCuarto.mx\\public\\index.php')
CRITICAL - 2023-11-30 10:09:43 --> The route for "UnLugarDeMimos/admin/vistas/servicios/ver" cannot be found.
in SYSTEMPATH\HTTP\RedirectResponse.php on line 60.
 1 SYSTEMPATH\HTTP\RedirectResponse.php(60): CodeIgniter\HTTP\Exceptions\HTTPException::forInvalidRedirectRoute('UnLugarDeMimos/admin/vistas/servicios/ver')
 2 SYSTEMPATH\Common.php(878): CodeIgniter\HTTP\RedirectResponse->route(false)
 3 APPPATH\Controllers\admin\Servicios.php(46): redirect('UnLugarDeMimos/admin/vistas/servicios/ver')
 4 SYSTEMPATH\CodeIgniter.php(919): App\Controllers\admin\Servicios->agregar()
 5 SYSTEMPATH\CodeIgniter.php(494): CodeIgniter\CodeIgniter->runController(Object(App\Controllers\admin\Servicios))
 6 SYSTEMPATH\CodeIgniter.php(353): CodeIgniter\CodeIgniter->handleRequest(null, Object(Config\Cache), false)
 7 FCPATH\index.php(79): CodeIgniter\CodeIgniter->run()
 8 SYSTEMPATH\Commands\Server\rewrite.php(47): require_once('C:\\xampp\\htdocs\\EncuentraTuCuarto.mx\\public\\index.php')
CRITICAL - 2023-11-30 11:57:32 --> chdir(): No error (errno 0)
in APPPATH\Controllers\admin\Principal.php on line 17.
 1 [internal function]: CodeIgniter\Debug\Exceptions->errorHandler(2, 'chdir(): No error (errno 0)', 'C:\\xampp\\htdocs\\EncuentraTuCuarto.mx\\app\\Controllers\\admin\\Principal.php', 17)
 2 APPPATH\Controllers\admin\Principal.php(17): chdir('C:\\xampp\\mysql\\bin\\mysqldump.exe')
 3 SYSTEMPATH\CodeIgniter.php(919): App\Controllers\admin\Principal->descarga()
 4 SYSTEMPATH\CodeIgniter.php(494): CodeIgniter\CodeIgniter->runController(Object(App\Controllers\admin\Principal))
 5 SYSTEMPATH\CodeIgniter.php(353): CodeIgniter\CodeIgniter->handleRequest(null, Object(Config\Cache), false)
 6 FCPATH\index.php(79): CodeIgniter\CodeIgniter->run()
 7 SYSTEMPATH\Commands\Server\rewrite.php(47): require_once('C:\\xampp\\htdocs\\EncuentraTuCuarto.mx\\public\\index.php')
CRITICAL - 2023-11-30 11:58:51 --> chdir(): No such file or directory (errno 2)
in APPPATH\Controllers\admin\Principal.php on line 17.
 1 [internal function]: CodeIgniter\Debug\Exceptions->errorHandler(2, 'chdir(): No such file or directory (errno 2)', 'C:\\xampp\\htdocs\\EncuentraTuCuarto.mx\\app\\Controllers\\admin\\Principal.php', 17)
 2 APPPATH\Controllers\admin\Principal.php(17): chdir('../../../../../mysql/bin/mysqldump.exe')
 3 SYSTEMPATH\CodeIgniter.php(919): App\Controllers\admin\Principal->descarga()
 4 SYSTEMPATH\CodeIgniter.php(494): CodeIgniter\CodeIgniter->runController(Object(App\Controllers\admin\Principal))
 5 SYSTEMPATH\CodeIgniter.php(353): CodeIgniter\CodeIgniter->handleRequest(null, Object(Config\Cache), false)
 6 FCPATH\index.php(79): CodeIgniter\CodeIgniter->run()
 7 SYSTEMPATH\Commands\Server\rewrite.php(47): require_once('C:\\xampp\\htdocs\\EncuentraTuCuarto.mx\\public\\index.php')
CRITICAL - 2023-11-30 12:01:24 --> chdir(): No such file or directory (errno 2)
in APPPATH\Controllers\admin\Principal.php on line 17.
 1 [internal function]: CodeIgniter\Debug\Exceptions->errorHandler(2, 'chdir(): No such file or directory (errno 2)', 'C:\\xampp\\htdocs\\EncuentraTuCuarto.mx\\app\\Controllers\\admin\\Principal.php', 17)
 2 APPPATH\Controllers\admin\Principal.php(17): chdir('../../../../../mysql/bin/mysqldump.exe')
 3 SYSTEMPATH\CodeIgniter.php(919): App\Controllers\admin\Principal->descarga()
 4 SYSTEMPATH\CodeIgniter.php(494): CodeIgniter\CodeIgniter->runController(Object(App\Controllers\admin\Principal))
 5 SYSTEMPATH\CodeIgniter.php(353): CodeIgniter\CodeIgniter->handleRequest(null, Object(Config\Cache), false)
 6 FCPATH\index.php(79): CodeIgniter\CodeIgniter->run()
 7 SYSTEMPATH\Commands\Server\rewrite.php(47): require_once('C:\\xampp\\htdocs\\EncuentraTuCuarto.mx\\public\\index.php')
CRITICAL - 2023-11-30 12:01:45 --> chdir(): No such file or directory (errno 2)
in APPPATH\Controllers\admin\Principal.php on line 17.
 1 [internal function]: CodeIgniter\Debug\Exceptions->errorHandler(2, 'chdir(): No such file or directory (errno 2)', 'C:\\xampp\\htdocs\\EncuentraTuCuarto.mx\\app\\Controllers\\admin\\Principal.php', 17)
 2 APPPATH\Controllers\admin\Principal.php(17): chdir('../../../../../mysql/bin/')
 3 SYSTEMPATH\CodeIgniter.php(919): App\Controllers\admin\Principal->descarga()
 4 SYSTEMPATH\CodeIgniter.php(494): CodeIgniter\CodeIgniter->runController(Object(App\Controllers\admin\Principal))
 5 SYSTEMPATH\CodeIgniter.php(353): CodeIgniter\CodeIgniter->handleRequest(null, Object(Config\Cache), false)
 6 FCPATH\index.php(79): CodeIgniter\CodeIgniter->run()
 7 SYSTEMPATH\Commands\Server\rewrite.php(47): require_once('C:\\xampp\\htdocs\\EncuentraTuCuarto.mx\\public\\index.php')
CRITICAL - 2023-11-30 12:02:13 --> chdir(): No such file or directory (errno 2)
in APPPATH\Controllers\admin\Principal.php on line 17.
 1 [internal function]: CodeIgniter\Debug\Exceptions->errorHandler(2, 'chdir(): No such file or directory (errno 2)', 'C:\\xampp\\htdocs\\EncuentraTuCuarto.mx\\app\\Controllers\\admin\\Principal.php', 17)
 2 APPPATH\Controllers\admin\Principal.php(17): chdir('../../../../../mysql/bin/')
 3 SYSTEMPATH\CodeIgniter.php(919): App\Controllers\admin\Principal->descarga()
 4 SYSTEMPATH\CodeIgniter.php(494): CodeIgniter\CodeIgniter->runController(Object(App\Controllers\admin\Principal))
 5 SYSTEMPATH\CodeIgniter.php(353): CodeIgniter\CodeIgniter->handleRequest(null, Object(Config\Cache), false)
 6 FCPATH\index.php(79): CodeIgniter\CodeIgniter->run()
 7 SYSTEMPATH\Commands\Server\rewrite.php(47): require_once('C:\\xampp\\htdocs\\EncuentraTuCuarto.mx\\public\\index.php')
CRITICAL - 2023-11-30 12:02:21 --> chdir(): No such file or directory (errno 2)
in APPPATH\Controllers\admin\Principal.php on line 17.
 1 [internal function]: CodeIgniter\Debug\Exceptions->errorHandler(2, 'chdir(): No such file or directory (errno 2)', 'C:\\xampp\\htdocs\\EncuentraTuCuarto.mx\\app\\Controllers\\admin\\Principal.php', 17)
 2 APPPATH\Controllers\admin\Principal.php(17): chdir('../../../../../mysql/bin')
 3 SYSTEMPATH\CodeIgniter.php(919): App\Controllers\admin\Principal->descarga()
 4 SYSTEMPATH\CodeIgniter.php(494): CodeIgniter\CodeIgniter->runController(Object(App\Controllers\admin\Principal))
 5 SYSTEMPATH\CodeIgniter.php(353): CodeIgniter\CodeIgniter->handleRequest(null, Object(Config\Cache), false)
 6 FCPATH\index.php(79): CodeIgniter\CodeIgniter->run()
 7 SYSTEMPATH\Commands\Server\rewrite.php(47): require_once('C:\\xampp\\htdocs\\EncuentraTuCuarto.mx\\public\\index.php')
